#
# A fatal error has been detected by the Java Runtime Environment:
#
#  Internal Error (jvmciRuntime.cpp:1609), pid=29, tid=43
#  fatal error: Fatal exception in JVMCI: Error calling jdk.vm.ci.services.Services.serializeSavedProperties
#
# JRE version: OpenJDK Runtime Environment GraalVM CE 22.3.0 (17.0.5+8) (build 17.0.5+8-jvmci-22.3-b08)
# Java VM: OpenJDK 64-Bit Server VM GraalVM CE 22.3.0 (17.0.5+8-jvmci-22.3-b08, mixed mode, sharing, tiered, jvmci, jvmci compiler, compressed oops, compressed class ptrs, parallel gc, linux-amd64)
# Problematic frame:
# V  [libjvm.so+0x972714]  JVMCIRuntime::fatal_exception(JVMCIEnv*, char const*)+0x74
#
# Core dump will be written. Default location: Core dumps may be processed with "/usr/share/apport/apport -p%p -s%s -c%c -d%d -P%P -u%u -g%g -- %E" (or dumping to /home/runner/order/core.29)
#
# If you would like to submit a bug report, please visit:
#   https://github.com/oracle/graal/issues
#

---------------  S U M M A R Y ------------

Command Line: -XX:ThreadPriorityPolicy=1 -XX:+UnlockExperimentalVMOptions -XX:+EnableJVMCIProduct -XX:JVMCIThreadsPerNativeLibraryRuntime=1 -XX:-UnlockExperimentalVMOptions -Declipse.application=org.eclipse.jdt.ls.core.id1 -Dosgi.bundles.defaultStartLevel=4 -Declipse.product=org.eclipse.jdt.ls.core.product -Dlog.level=ALL -Xverify:none -XX:+UseParallelGC -XX:GCTimeRatio=4 -XX:AdaptiveSizePolicyWeight=90 -Dsun.zip.disableMemoryMapping=true -Xmx512m -Xms100m /nix/store/m6gcpi1ii6rghy04cjwjddcavv7i90df-jdt-language-server-1.9.0/share/java/plugins/org.eclipse.equinox.launcher_1.6.400.v20210924-0641.jar --add-modules=ALL-SYSTEM --add-opens java.base/java.util=ALL-UNNAMED --add-opens java.base/java.lang=ALL-UNNAMED -configuration /home/runner/.cache/jdt-language-server/config -data /home/runner/.cache/jdt-language-server/data/home/runner/order

Host: AMD EPYC 7B12, 8 cores, 1G, Ubuntu 20.04.2 LTS
Time: Wed Apr  5 16:00:36 2023 UTC elapsed time: 404.181611 seconds (0d 0h 6m 44s)

---------------  T H R E A D  ---------------

Current thread (0x00007fbbf80b21b0):  JavaThread "JVMCI-native CompilerThread0" daemon [_thread_in_vm, id=43, stack(0x00007fbbde118000,0x00007fbbde318000)]


Current CompileTask:
JVMCI-native: 404181 9698       4       org.eclipse.core.runtime.Assert::isNotNull (29 bytes)

Stack: [0x00007fbbde118000,0x00007fbbde318000],  sp=0x00007fbbde316380,  free space=2040k
Native frames: (J=compiled Java code, j=interpreted, Vv=VM code, C=native code)
V  [libjvm.so+0x972714]  JVMCIRuntime::fatal_exception(JVMCIEnv*, char const*)+0x74
V  [libjvm.so+0x93e2fe]  JVMCIEnv::copy_saved_properties()+0x14e
V  [libjvm.so+0x9732a9]  JVMCIRuntime::initialize(JVMCIEnv*)+0xb19
V  [libjvm.so+0x9738a2]  JVMCIRuntime::get_HotSpotJVMCIRuntime(JVMCIEnv*)+0x12
V  [libjvm.so+0x9749f2]  JVMCIRuntime::compile_method(JVMCIEnv*, JVMCICompiler*, methodHandle const&, int)+0xd2
V  [libjvm.so+0x5b0d20]  CompileBroker::invoke_compiler_on_method(CompileTask*)+0x1470
V  [libjvm.so+0x5b12e8]  CompileBroker::compiler_thread_loop()+0x528
V  [libjvm.so+0xd82460]  JavaThread::thread_main_inner()+0xd0
V  [libjvm.so+0xd85a40]  Thread::call_run()+0xc0
V  [libjvm.so+0xbdb1e1]  thread_native_entry(Thread*)+0xe1

Register to memory mapping:

RAX=0x00007fbbfde2b000 points into unknown readable memory: 0x0000000000000058 | 58 00 00 00 00 00 00 00
RBX=0x00007fbbfef26398: <offset 0x0000000000ef5398> in /nix/store/gpxl5qgg8kicmcvivwmybwjlpf7wh20l-graalvm17-ce-22.3.0/lib/server/libjvm.so at 0x00007fbbfe031000
RCX=0x00007fbbfeede1e8: <offset 0x0000000000ead1e8> in /nix/store/gpxl5qgg8kicmcvivwmybwjlpf7wh20l-graalvm17-ce-22.3.0/lib/server/libjvm.so at 0x00007fbbfe031000
RDX=0x0000000000000649 is an unknown value
RSP=0x00007fbbde316380 is pointing into the stack for thread: 0x00007fbbf80b21b0
RBP=0x00007fbbde3163a0 is pointing into the stack for thread: 0x00007fbbf80b21b0
RSI=0x00007fbbfef26c48: <offset 0x0000000000ef5c48> in /nix/store/gpxl5qgg8kicmcvivwmybwjlpf7wh20l-graalvm17-ce-22.3.0/lib/server/libjvm.so at 0x00007fbbfe031000
RDI=0x00000000e0000000 is an oop: java.lang.String 
{0x00000000e0000000} - klass: 'java/lang/String'
 - string: "resolution"
R8 =0x00007fbbfef26398: <offset 0x0000000000ef5398> in /nix/store/gpxl5qgg8kicmcvivwmybwjlpf7wh20l-graalvm17-ce-22.3.0/lib/server/libjvm.so at 0x00007fbbfe031000
R9 =0x00007fbbde316330 is pointing into the stack for thread: 0x00007fbbf80b21b0
R10=0x00007fbbde317948 is pointing into the stack for thread: 0x00007fbbf80b21b0
R11=0x0000000000000293 is an unknown value
R12=0x0 is NULL
R13=0x00007fbbf80b21b0 is a thread
R14=0x00007fbbf8000b80 points into unknown readable memory: 0x00007fbbff157a38 | 38 7a 15 ff bb 7f 00 00
R15=0x00007fbbff265e40: <offset 0x0000000001234e40> in /nix/store/gpxl5qgg8kicmcvivwmybwjlpf7wh20l-graalvm17-ce-22.3.0/lib/server/libjvm.so at 0x00007fbbfe031000


Registers:
RAX=0x00007fbbfde2b000, RBX=0x00007fbbfef26398, RCX=0x00007fbbfeede1e8, RDX=0x0000000000000649
RSP=0x00007fbbde316380, RBP=0x00007fbbde3163a0, RSI=0x00007fbbfef26c48, RDI=0x00000000e0000000
R8 =0x00007fbbfef26398, R9 =0x00007fbbde316330, R10=0x00007fbbde317948, R11=0x0000000000000293
R12=0x0000000000000000, R13=0x00007fbbf80b21b0, R14=0x00007fbbf8000b80, R15=0x00007fbbff265e40
RIP=0x00007fbbfe9a3714, EFLAGS=0x0000000000010206, CSGSFS=0x002b000000000033, ERR=0x0000000000000006
  TRAPNO=0x000000000000000e

Top of Stack: (sp=0x00007fbbde316380)
0x00007fbbde316380:   00007fbbde316940 00007fbbf80b21b0
0x00007fbbde316390:   00007fbbfc7bc8c8 0000000800c417a0
0x00007fbbde3163a0:   00007fbbde316500 00007fbbfe96f2fe
0x00007fbbde3163b0:   00007fbbde3163e0 00007fbbde316440 

Instructions: (pc=0x00007fbbfe9a3714)
0x00007fbbfe9a3614:   30 e8 f6 cf e8 ff 4c 89 e7 e8 2e 48 d1 ff 84 db
0x00007fbbfe9a3624:   75 2a 4d 85 ed 74 04 4d 8b 6d 00 48 83 c4 08 44
0x00007fbbfe9a3634:   89 f9 4c 89 f2 4c 89 ee 5b 4c 89 e7 41 5c 41 5d
0x00007fbbfe9a3644:   41 5e 41 5f 5d e9 e2 47 d1 ff 66 90 48 83 c4 08
0x00007fbbfe9a3654:   5b 41 5c 41 5d 41 5e 41 5f 5d c3 90 31 d2 be 08
0x00007fbbfe9a3664:   00 00 00 4c 89 ff e8 b1 78 a3 ff 49 89 c5 e9 37
0x00007fbbfe9a3674:   ff ff ff 66 0f 1f 84 00 00 00 00 00 48 8b 7a 08
0x00007fbbfe9a3684:   e9 6d ff ff ff 0f 1f 80 00 00 00 00 e8 5b 48 0a
0x00007fbbfe9a3694:   00 84 c0 75 89 e9 6a ff ff ff 66 90 55 48 89 e5
0x00007fbbfe9a36a4:   41 56 41 55 41 54 49 89 fc 53 48 89 f3 66 48 8d
0x00007fbbfe9a36b4:   3d 27 5e 85 00 66 66 48 e8 df 43 8d ff 4c 8b 28
0x00007fbbfe9a36c4:   8b 05 be 72 8a 00 85 c0 75 14 ba 01 00 00 00 48
0x00007fbbfe9a36d4:   8d 0d ae 72 8a 00 f0 0f b1 11 85 c0 74 4e be c8
0x00007fbbfe9a36e4:   00 00 00 4c 89 ef e8 01 0b 41 00 48 8d 05 12 ac
0x00007fbbfe9a36f4:   85 00 49 89 d8 48 8d 0d e8 aa 53 00 ba 49 06 00
0x00007fbbfe9a3704:   00 48 8d 35 3c 35 58 00 bf 00 00 00 e0 48 8b 00
0x00007fbbfe9a3714:   c6 00 58 31 c0 e8 e2 91 c6 ff 5b 41 5c 41 5d 41
0x00007fbbfe9a3724:   5e 5d e9 55 34 26 00 0f 1f 44 00 00 48 8d 05 81
0x00007fbbfe9a3734:   a3 8b 00 48 89 df 4c 8b 30 e8 9e 43 8d ff 48 89
0x00007fbbfe9a3744:   de 48 89 c2 49 8b 06 4c 89 f7 ff 50 08 4c 89 f7
0x00007fbbfe9a3754:   e8 a7 5c 27 00 4d 85 e4 74 12 be 01 00 00 00 4c
0x00007fbbfe9a3764:   89 e7 e8 35 43 fc ff eb 82 0f 1f 00 be 01 00 00
0x00007fbbfe9a3774:   00 4c 89 ef e8 d3 fd ff ff e9 6d ff ff ff 66 66
0x00007fbbfe9a3784:   2e 0f 1f 84 00 00 00 00 00 0f 1f 00 55 48 89 e5
0x00007fbbfe9a3794:   41 57 41 56 41 55 41 54 53 48 81 ec 08 02 00 00
0x00007fbbfe9a37a4:   64 48 8b 04 25 28 00 00 00 48 89 45 c8 8b 07 83
0x00007fbbfe9a37b4:   f8 02 0f 84 11 04 00 00 4c 8b 6f 18 49 89 ff 49
0x00007fbbfe9a37c4:   89 f4 4d 85 ed 74 14 4c 89 ef e8 5d 57 22 00 41
0x00007fbbfe9a37d4:   8b 07 83 f8 02 0f 84 19 04 00 00 48 8d 1d 9a 06
0x00007fbbfe9a37e4:   8a 00 4c 8d 35 0b 3c 58 00 eb 38 90 48 85 d2 7f
0x00007fbbfe9a37f4:   0d 48 8d 05 b4 c0 85 00 48 83 38 00 7e 0e 41 8b
0x00007fbbfe9a3804:   77 2c 4c 89 f7 31 c0 e8 a0 b2 f7 ff 49 8b 7f 18 


Stack slot to memory mapping:
stack at sp + 0 slots: 0x00007fbbde316940 is pointing into the stack for thread: 0x00007fbbf80b21b0
stack at sp + 1 slots: 0x00007fbbf80b21b0 is a thread
stack at sp + 2 slots: 0x00007fbbfc7bc8c8 points into unknown readable memory: 0x6573001880c9ffff | ff ff c9 80 18 00 73 65
stack at sp + 3 slots: 0x0000000800c417a0 is a pointer to class: 
jdk.vm.ci.services.Services {0x0000000800c417a0}
 - instance size:     2
 - klass size:        65
 - access:            public final synchronized 
 - state:             fully_initialized
 - name:              'jdk/vm/ci/services/Services'
 - super:             'java/lang/Object'
 - sub:               
 - arrays:            NULL
 - methods:           Array<T>(0x00007fbbdec43f10)
 - method ordering:   Array<T>(0x0000000800928960)
 - default_methods:   Array<T>(0x0000000000000000)
 - local interfaces:  Array<T>(0x00000008005ce810)
 - trans. interfaces: Array<T>(0x00000008005ce810)
 - constants:         constant pool [427] {0x00007fbbdec42ff0} for 'jdk/vm/ci/services/Services' cache=0x00007fbbdec451e0
 - class loader data:  loader data: 0x00007fbbf80283d0 of 'bootstrap'
 - source file:       'Services.java'
 - class annotations:       Array<T>(0x0000000000000000)
 - class type annotations:  Array<T>(0x0000000000000000)
 - field annotations:       Array<T>(0x0000000000000000)
 - field type annotations:  Array<T>(0x0000000000000000)
 - inner classes:     Array<T>(0x00007fbbdec451b0)
 - nest members:     Array<T>(0x00007fbbdec451d0)
 - permitted subclasses:     Array<T>(0x00000008005ce7a0)
 - java mirror:       a 'java/lang/Class'{0x00000000e01461a8} = 'jdk/vm/ci/services/Services'
 - vtable length      5  (start addr: 0x0000000800c41970)
 - itable length      2 (start addr: 0x0000000800c41998)
 - ---- static fields (3 words):
 - public static final 'IS_BUILDING_NATIVE_IMAGE' 'Z' @128 
 - public static final 'IS_IN_NATIVE_IMAGE' 'Z' @129 
 - private static volatile 'savedProperties' 'Ljava/util/Map;' @112 
 - static final 'JVMCI_ENABLED' 'Z' @130 
 - private static final 'servicesCache' 'Ljava/util/Map;' @116 
 - private static final 'MAX_UNICODE_IN_UTF8_LENGTH' 'I' @120 
 - private static final 'MAX_UTF8_PROPERTY_STRING_LENGTH' 'I' @124 
 - ---- non-static fields (0 words):
 - non-static oop maps: 
stack at sp + 4 slots: 0x00007fbbde316500 is pointing into the stack for thread: 0x00007fbbf80b21b0
stack at sp + 5 slots: 0x00007fbbfe96f2fe: <offset 0x000000000093e2fe> in /nix/store/gpxl5qgg8kicmcvivwmybwjlpf7wh20l-graalvm17-ce-22.3.0/lib/server/libjvm.so at 0x00007fbbfe031000
stack at sp + 6 slots: 0x00007fbbde3163e0 is pointing into the stack for thread: 0x00007fbbf80b21b0
stack at sp + 7 slots: 0x00007fbbde316440 is pointing into the stack for thread: 0x00007fbbf80b21b0


---------------  P R O C E S S  ---------------

Threads class SMR info:
_java_thread_list=0x00007fbb68000b70, length=27, elements={
0x00007fbbf8026670, 0x00007fbbf80a64b0, 0x00007fbbf80a78f0, 0x00007fbbf80ae020,
0x00007fbbf80af3d0, 0x00007fbbf80b07c0, 0x00007fbbf80b21b0, 0x00007fbbf80b36c0,
0x00007fbbf80b4b10, 0x00007fbbf80d82a0, 0x00007fbbf811fa00, 0x00007fbbf83124c0,
0x00007fbbf8345ed0, 0x00007fbbf8347e50, 0x00007fbbf8477c20, 0x00007fbb8c016db0,
0x00007fbb8c2d7820, 0x00007fbb800010d0, 0x00007fbb8c4b9860, 0x00007fbb8c6245c0,
0x00007fbb80007540, 0x00007fbbf83fafe0, 0x00007fbbf8382e20, 0x00007fbb5c44ff30,
0x00007fbb5c450690, 0x00007fbb60003b60, 0x00007fbb5c455af0
}

Java Threads: ( => current thread )
  0x00007fbbf8026670 JavaThread "main" [_thread_blocked, id=35, stack(0x00007fbbfde4c000,0x00007fbbfdf4c000)]
  0x00007fbbf80a64b0 JavaThread "Reference Handler" daemon [_thread_blocked, id=38, stack(0x00007fbbde9fe000,0x00007fbbdeafe000)]
  0x00007fbbf80a78f0 JavaThread "Finalizer" daemon [_thread_blocked, id=39, stack(0x00007fbbde8fe000,0x00007fbbde9fe000)]
  0x00007fbbf80ae020 JavaThread "Signal Dispatcher" daemon [_thread_blocked, id=40, stack(0x00007fbbde518000,0x00007fbbde618000)]
  0x00007fbbf80af3d0 JavaThread "Service Thread" daemon [_thread_blocked, id=41, stack(0x00007fbbde418000,0x00007fbbde518000)]
  0x00007fbbf80b07c0 JavaThread "Monitor Deflation Thread" daemon [_thread_blocked, id=42, stack(0x00007fbbde318000,0x00007fbbde418000)]
=>0x00007fbbf80b21b0 JavaThread "JVMCI-native CompilerThread0" daemon [_thread_in_vm, id=43, stack(0x00007fbbde118000,0x00007fbbde318000)]
  0x00007fbbf80b36c0 JavaThread "C1 CompilerThread0" daemon [_thread_blocked, id=44, stack(0x00007fbbddf18000,0x00007fbbde118000)]
  0x00007fbbf80b4b10 JavaThread "Sweeper thread" daemon [_thread_blocked, id=45, stack(0x00007fbbdde18000,0x00007fbbddf18000)]
  0x00007fbbf80d82a0 JavaThread "Common-Cleaner" daemon [_thread_blocked, id=46, stack(0x00007fbbddd18000,0x00007fbbdde18000)]
  0x00007fbbf811fa00 JavaThread "Notification Thread" daemon [_thread_blocked, id=47, stack(0x00007fbbddc18000,0x00007fbbddd18000)]
  0x00007fbbf83124c0 JavaThread "Active Thread: Equinox Container: 85de3d9c-b369-4b0e-b937-3177c4c27bd2" [_thread_blocked, id=62, stack(0x00007fbbdc800000,0x00007fbbdc900000)]
  0x00007fbbf8345ed0 JavaThread "Framework Event Dispatcher: Equinox Container: 85de3d9c-b369-4b0e-b937-3177c4c27bd2" daemon [_thread_blocked, id=63, stack(0x00007fbbdc600000,0x00007fbbdc700000)]
  0x00007fbbf8347e50 JavaThread "Start Level: Equinox Container: 85de3d9c-b369-4b0e-b937-3177c4c27bd2" daemon [_thread_blocked, id=64, stack(0x00007fbbdc400000,0x00007fbbdc500000)]
  0x00007fbbf8477c20 JavaThread "Refresh Thread: Equinox Container: 85de3d9c-b369-4b0e-b937-3177c4c27bd2" daemon [_thread_blocked, id=65, stack(0x00007fbbdc200000,0x00007fbbdc300000)]
  0x00007fbb8c016db0 JavaThread "SCR Component Actor" daemon [_thread_blocked, id=66, stack(0x00007fbbdc000000,0x00007fbbdc100000)]
  0x00007fbb8c2d7820 JavaThread "Worker-JM" [_thread_blocked, id=76, stack(0x00007fbba5900000,0x00007fbba5a00000)]
  0x00007fbb800010d0 JavaThread "Worker-1" [_thread_blocked, id=78, stack(0x00007fbba5500000,0x00007fbba5600000)]
  0x00007fbb8c4b9860 JavaThread "Java indexing" daemon [_thread_blocked, id=79, stack(0x00007fbba5300000,0x00007fbba5400000)]
  0x00007fbb8c6245c0 JavaThread "Bundle File Closer" daemon [_thread_blocked, id=88, stack(0x00007fbba5100000,0x00007fbba5200000)]
  0x00007fbb80007540 JavaThread "Worker-2" [_thread_blocked, id=89, stack(0x00007fbba4f00000,0x00007fbba5000000)]
  0x00007fbbf83fafe0 JavaThread "pool-3-thread-1" [_thread_blocked, id=90, stack(0x00007fbba4d00000,0x00007fbba4e00000)]
  0x00007fbbf8382e20 JavaThread "pool-2-thread-1" [_thread_in_native, id=99, stack(0x00007fbba5b00000,0x00007fbba5c00000)]
  0x00007fbb5c44ff30 JavaThread "OkHttp repo.maven.apache.org" [_thread_blocked, id=153, stack(0x00007fbba4700000,0x00007fbba4800000)]
  0x00007fbb5c450690 JavaThread "OkHttp ConnectionPool" daemon [_thread_blocked, id=154, stack(0x00007fbba4400000,0x00007fbba4500000)]
  0x00007fbb60003b60 JavaThread "OkHttp repo.maven.apache.org Writer" [_thread_blocked, id=155, stack(0x00007fbba4100000,0x00007fbba4200000)]
  0x00007fbb5c455af0 JavaThread "Okio Watchdog" daemon [_thread_blocked, id=157, stack(0x00007fbba3d00000,0x00007fbba3e00000)]

Other Threads:
  0x00007fbbf80a1bf0 VMThread "VM Thread" [stack: 0x00007fbbdeb00000,0x00007fbbdec00000] [id=37] _threads_hazard_ptr=0x00007fbb68000b70
  0x00007fbbf81213a0 WatcherThread [stack: 0x00007fbbddb18000,0x00007fbbddc18000] [id=48]
  0x00007fbbf803df10 GCTaskThread "GC Thread#0" [stack: 0x00007fbbfda0f000,0x00007fbbfdb0f000] [id=36]

Threads with active compile tasks:
JVMCI-native CompilerThread0   404244 9698       4       org.eclipse.core.runtime.Assert::isNotNull (29 bytes)

VM state: synchronizing (normal execution)

VM Mutex/Monitor currently owned by a thread:  ([mutex/lock_event])
[0x00007fbbf8023820] Threads_lock - owner thread: 0x00007fbbf80a1bf0
[0x00007fbbf8023fd0] Heap_lock - owner thread: 0x00007fbb5c44ff30

OutOfMemory and StackOverflow Exception counts:
OutOfMemoryError java_heap_errors=8
LinkageErrors=70

Heap address: 0x00000000e0000000, size: 512 MB, Compressed Oops mode: 32-bit

CDS archive(s) mapped at: [0x0000000800000000-0x0000000800bc8000-0x0000000800bc8000), size 12353536, SharedBaseAddress: 0x0000000800000000, ArchiveRelocationMode: 0.
Compressed class space mapped at: 0x0000000800c00000-0x0000000840c00000, reserved size: 1073741824
Narrow klass base: 0x0000000800000000, Narrow klass shift: 0, Narrow klass range: 0x100000000

GC Precious Log:
 CPUs: 8 total, 1 available
 Memory: 1024M
 Large Page Support: Disabled
 NUMA Support: Disabled
 Compressed Oops: Enabled (32-bit)
 Alignments: Space 512K, Generation 512K, Heap 2M
 Heap Min Capacity: 100M
 Heap Initial Capacity: 100M
 Heap Max Capacity: 512M
 Pre-touch: Disabled
 Parallel Workers: 1

Heap:
 PSYoungGen      total 48640K, used 29696K [0x00000000f5580000, 0x00000000fbc00000, 0x0000000100000000)
  eden space 29696K, 100% used [0x00000000f5580000,0x00000000f7280000,0x00000000f7280000)
  from space 18944K, 0% used [0x00000000f9700000,0x00000000f9700000,0x00000000fa980000)
  to   space 37376K, 0% used [0x00000000f7280000,0x00000000f7280000,0x00000000f9700000)
 ParOldGen       total 349696K, used 349695K [0x00000000e0000000, 0x00000000f5580000, 0x00000000f5580000)
  object space 349696K, 99% used [0x00000000e0000000,0x00000000f557ffa0,0x00000000f5580000)
 Metaspace       used 60686K, committed 61888K, reserved 1105920K
  class space    used 5967K, committed 6400K, reserved 1048576K

Card table byte_map: [0x00007fbbfdb0f000,0x00007fbbfdc10000] _byte_map_base: 0x00007fbbfd40f000

Marking Bits: (ParMarkBitMap*) 0x00007fbbff25f4c0
 Begin Bits: [0x00007fbbfc962000, 0x00007fbbfd162000)
 End Bits:   [0x00007fbbfd162000, 0x00007fbbfd962000)

Polling page: 0x00007fbbfde29000

Metaspace:

Usage:
  Non-class:     53.44 MB used.
      Class:      5.83 MB used.
       Both:     59.26 MB used.

Virtual space:
  Non-class space:       56.00 MB reserved,      54.19 MB ( 97%) committed,  7 nodes.
      Class space:        1.00 GB reserved,       6.25 MB ( <1%) committed,  1 nodes.
             Both:        1.05 GB reserved,      60.44 MB (  6%) committed. 

Chunk freelists:
   Non-Class:  1.46 MB
       Class:  1.86 MB
        Both:  3.32 MB

MaxMetaspaceSize: unlimited
CompressedClassSpaceSize: 1.00 GB
Initial GC threshold: 21.00 MB
Current GC threshold: 100.56 MB
CDS: on
MetaspaceReclaimPolicy: balanced
 - commit_granule_bytes: 65536.
 - commit_granule_words: 8192.
 - virtual_space_node_default_size: 1048576.
 - enlarge_chunks_in_place: 1.
 - new_chunks_are_fully_committed: 0.
 - uncommit_free_chunks: 1.
 - use_allocation_guard: 0.
 - handle_deallocations: 1.


Internal statistics:

num_allocs_failed_limit: 10.
num_arena_births: 520.
num_arena_deaths: 152.
num_vsnodes_births: 8.
num_vsnodes_deaths: 0.
num_space_committed: 966.
num_space_uncommitted: 0.
num_chunks_returned_to_freelist: 226.
num_chunks_taken_from_freelist: 2914.
num_chunk_merges: 92.
num_chunk_splits: 1880.
num_chunks_enlarged: 1185.
num_purges: 4.
num_inconsistent_stats: 0.

CodeHeap 'non-profiled nmethods': size=120036Kb used=2679Kb max_used=2679Kb free=117356Kb
 bounds [0x00007fbbe6f7a000, 0x00007fbbe721a000, 0x00007fbbee4b3000]
CodeHeap 'profiled nmethods': size=120032Kb used=15927Kb max_used=17590Kb free=104104Kb
 bounds [0x00007fbbdfa42000, 0x00007fbbe0b72000, 0x00007fbbe6f7a000]
CodeHeap 'non-nmethods': size=5692Kb used=1383Kb max_used=1400Kb free=4308Kb
 bounds [0x00007fbbdf4b3000, 0x00007fbbdf723000, 0x00007fbbdfa42000]
 total_blobs=8244 nmethods=7526 adapters=632
 compilation: enabled
              stopped_count=0, restarted_count=0
 full_count=0

JVMCI Events (20 events):
Event: 69.780 Thread 0x00007fbbf80b21b0 compacted oop handles in JVMCI runtime 0 from 97 to 79
Event: 69.844 Thread 0x00007fbbf80b21b0 compacted oop handles in JVMCI runtime 0 from 94 to 92
Event: 69.868 Thread 0x00007fbbf80b21b0 compacted oop handles in JVMCI runtime 0 from 96 to 94
Event: 69.887 Thread 0x00007fbbf80b21b0 compacted oop handles in JVMCI runtime 0 from 96 to 94
Event: 69.899 Thread 0x00007fbbf80b21b0 compacted oop handles in JVMCI runtime 0 from 97 to 95
Event: 69.956 Thread 0x00007fbbf80b21b0 compacted oop handles in JVMCI runtime 0 from 97 to 95
Event: 69.957 Thread 0x00007fbbf80b21b0 compacted oop handles in JVMCI runtime 0 from 99 to 98
Event: 69.968 Thread 0x00007fbbf80b21b0 compacted oop handles in JVMCI runtime 0 from 104 to 81
Event: 71.883 Thread 0x00007fbbf80b21b0 detaching from JVMCI runtime 0: releasing idle compiler thread (0 other threads still attached)
Event: 71.884 Thread 0x00007fbbf80b21b0 shutting down HotSpotJVMCIRuntime for JVMCI runtime 0
Event: 71.884 Thread 0x00007fbbf80b21b0 compacted oop handles in JVMCI runtime 0 from 82 to 81
Event: 71.884 Thread 0x00007fbbf80b21b0 shut down JVMCI runtime 0
Event: 71.889 Thread 0x00007fbbf80b21b0 destroyed JavaVM[1]@0x00007fbbdd59e340 for JVMCI runtime 0
Event: 71.889 Thread 0x00007fbbf80b21b0 compacted oop handles in JVMCI runtime 0 from 81 to 81
Event: 71.889 Thread 0x00007fbbf80b21b0 releasing handles for JVMCI runtime 0: oop handles=81, metadata handles={total=1440, live=818, blocks=45}
Event: 71.889 Thread 0x00007fbbf80b21b0 detached from JVMCI runtime 0
Event: 344.878 Thread 0x00007fbbf80b21b0 attached to JVMCI runtime 0
Event: 344.880 Thread 0x00007fbbf80b21b0 created JavaVM[2]@0x00007fbb5969e340 for JVMCI runtime 0
Event: 344.880 Thread 0x00007fbbf80b21b0 initializing JVMCI runtime 0
Event: 344.880 Thread 0x00007fbbf80b21b0 done waiting for JavaVM references initialization in JVMCI runtime 0

Compilation events (20 events):
Event: 69.899 Thread 0x00007fbbf80b21b0 nmethod 9645 0x00007fbbe7215010 code [0x00007fbbe72151a0, 0x00007fbbe7215340]
Event: 69.899 Thread 0x00007fbbf80b21b0 9646       4       java.nio.DirectByteBufferR::slice (74 bytes)
Event: 69.956 Thread 0x00007fbbf80b21b0 nmethod 9646 0x00007fbbe7215510 code [0x00007fbbe72156a0, 0x00007fbbe7215840]
Event: 69.956 Thread 0x00007fbbf80b21b0 9647       4       java.util.Collections$EmptySet::iterator (4 bytes)
Event: 69.957 Thread 0x00007fbbf80b21b0 nmethod 9647 0x00007fbbe7215a10 code [0x00007fbbe7215b80, 0x00007fbbe7215bc8]
Event: 69.957 Thread 0x00007fbbf80b21b0 9648       4       org.eclipse.jdt.core.Signature::appendTypeSignature (9 bytes)
Event: 69.967 Thread 0x00007fbbf80b21b0 nmethod 9648 0x00007fbbe7215d10 code [0x00007fbbe7215ea0, 0x00007fbbe7215f90]
Event: 69.968 Thread 0x00007fbbf80b21b0 9672 %     4       org.eclipse.jdt.internal.core.util.Util::quickSort @ 22 (107 bytes)
Event: 70.245 Thread 0x00007fbbf80b21b0 nmethod 9672% 0x00007fbbe7216290 code [0x00007fbbe72164a0, 0x00007fbbe7217320]
Event: 188.973 Thread 0x00007fbbf80b36c0 9696       3       java.util.concurrent.locks.AbstractQueuedSynchronizer::acquire (20 bytes)
Event: 190.243 Thread 0x00007fbbf80b36c0 nmethod 9696 0x00007fbbe015e910 code [0x00007fbbe015eac0, 0x00007fbbe015ee90]
Event: 219.061 Thread 0x00007fbbf80b36c0 9697       3       java.util.concurrent.Executors$RunnableAdapter::call (14 bytes)
Event: 220.224 Thread 0x00007fbbf80b36c0 nmethod 9697 0x00007fbbe02c9a10 code [0x00007fbbe02c9bc0, 0x00007fbbe02c9f00]
Event: 344.878 Thread 0x00007fbbf80b21b0 9698       4       org.eclipse.core.runtime.Assert::isNotNull (29 bytes)
Event: 366.254 Thread 0x00007fbbf80b36c0 9699       3       sun.nio.ch.NioSocketImpl::ensureOpenAndConnected (36 bytes)
Event: 366.254 Thread 0x00007fbbf80b36c0 nmethod 9699 0x00007fbbe034dc90 code [0x00007fbbe034de60, 0x00007fbbe034e170]
Event: 373.871 Thread 0x00007fbbf80b36c0 9700       3       java.util.concurrent.locks.LockSupport::setBlocker (12 bytes)
Event: 373.871 Thread 0x00007fbbf80b36c0 nmethod 9700 0x00007fbbe0879890 code [0x00007fbbe0879a40, 0x00007fbbe0879b60]
Event: 389.587 Thread 0x00007fbbf80b36c0 9701       3       java.util.concurrent.ThreadPoolExecutor::runStateAtLeast (11 bytes)
Event: 389.587 Thread 0x00007fbbf80b36c0 nmethod 9701 0x00007fbbe08f5490 code [0x00007fbbe08f5620, 0x00007fbbe08f5770]

GC Heap History (20 events):
Event: 390.911 GC heap before
{Heap before GC invocations=341 (full 248):
 PSYoungGen      total 48640K, used 29695K [0x00000000f5580000, 0x00000000fbc00000, 0x0000000100000000)
  eden space 29696K, 99% used [0x00000000f5580000,0x00000000f727fff8,0x00000000f7280000)
  from space 18944K, 0% used [0x00000000f9700000,0x00000000f9700000,0x00000000fa980000)
  to   space 37376K, 0% used [0x00000000f7280000,0x00000000f7280000,0x00000000f9700000)
 ParOldGen       total 349696K, used 349695K [0x00000000e0000000, 0x00000000f5580000, 0x00000000f5580000)
  object space 349696K, 99% used [0x00000000e0000000,0x00000000f557fff8,0x00000000f5580000)
 Metaspace       used 60679K, committed 61888K, reserved 1105920K
  class space    used 5965K, committed 6400K, reserved 1048576K
}
Event: 392.192 GC heap after
{Heap after GC invocations=341 (full 248):
 PSYoungGen      total 67072K, used 29695K [0x00000000f5580000, 0x00000000fbc00000, 0x0000000100000000)
  eden space 29696K, 99% used [0x00000000f5580000,0x00000000f727fff8,0x00000000f7280000)
  from space 37376K, 0% used [0x00000000f7280000,0x00000000f7280000,0x00000000f9700000)
  to   space 18944K, 0% used [0x00000000f9700000,0x00000000f9700000,0x00000000fa980000)
 ParOldGen       total 349696K, used 349695K [0x00000000e0000000, 0x00000000f5580000, 0x00000000f5580000)
  object space 349696K, 99% used [0x00000000e0000000,0x00000000f557ffb8,0x00000000f5580000)
 Metaspace       used 60679K, committed 61888K, reserved 1105920K
  class space    used 5965K, committed 6400K, reserved 1048576K
}
Event: 392.193 GC heap before
{Heap before GC invocations=342 (full 249):
 PSYoungGen      total 67072K, used 29695K [0x00000000f5580000, 0x00000000fbc00000, 0x0000000100000000)
  eden space 29696K, 99% used [0x00000000f5580000,0x00000000f727fff8,0x00000000f7280000)
  from space 37376K, 0% used [0x00000000f7280000,0x00000000f7280000,0x00000000f9700000)
  to   space 18944K, 0% used [0x00000000f9700000,0x00000000f9700000,0x00000000fa980000)
 ParOldGen       total 349696K, used 349695K [0x00000000e0000000, 0x00000000f5580000, 0x00000000f5580000)
  object space 349696K, 99% used [0x00000000e0000000,0x00000000f557fff8,0x00000000f5580000)
 Metaspace       used 60679K, committed 61888K, reserved 1105920K
  class space    used 5965K, committed 6400K, reserved 1048576K
}
Event: 393.564 GC heap after
{Heap after GC invocations=342 (full 249):
 PSYoungGen      total 48640K, used 29695K [0x00000000f5580000, 0x00000000fbc00000, 0x0000000100000000)
  eden space 29696K, 99% used [0x00000000f5580000,0x00000000f727fff8,0x00000000f7280000)
  from space 18944K, 0% used [0x00000000f9700000,0x00000000f9700000,0x00000000fa980000)
  to   space 37376K, 0% used [0x00000000f7280000,0x00000000f7280000,0x00000000f9700000)
 ParOldGen       total 349696K, used 349695K [0x00000000e0000000, 0x00000000f5580000, 0x00000000f5580000)
  object space 349696K, 99% used [0x00000000e0000000,0x00000000f557ffb8,0x00000000f5580000)
 Metaspace       used 60679K, committed 61888K, reserved 1105920K
  class space    used 5965K, committed 6400K, reserved 1048576K
}
Event: 393.564 GC heap before
{Heap before GC invocations=343 (full 250):
 PSYoungGen      total 48640K, used 29695K [0x00000000f5580000, 0x00000000fbc00000, 0x0000000100000000)
  eden space 29696K, 99% used [0x00000000f5580000,0x00000000f727fff8,0x00000000f7280000)
  from space 18944K, 0% used [0x00000000f9700000,0x00000000f9700000,0x00000000fa980000)
  to   space 37376K, 0% used [0x00000000f7280000,0x00000000f7280000,0x00000000f9700000)
 ParOldGen       total 349696K, used 349695K [0x00000000e0000000, 0x00000000f5580000, 0x00000000f5580000)
  object space 349696K, 99% used [0x00000000e0000000,0x00000000f557fff8,0x00000000f5580000)
 Metaspace       used 60679K, committed 61888K, reserved 1105920K
  class space    used 5965K, committed 6400K, reserved 1048576K
}
Event: 394.897 GC heap after
{Heap after GC invocations=343 (full 250):
 PSYoungGen      total 67072K, used 29695K [0x00000000f5580000, 0x00000000fbc00000, 0x0000000100000000)
  eden space 29696K, 99% used [0x00000000f5580000,0x00000000f727fff8,0x00000000f7280000)
  from space 37376K, 0% used [0x00000000f7280000,0x00000000f7280000,0x00000000f9700000)
  to   space 18944K, 0% used [0x00000000f9700000,0x00000000f9700000,0x00000000fa980000)
 ParOldGen       total 349696K, used 349695K [0x00000000e0000000, 0x00000000f5580000, 0x00000000f5580000)
  object space 349696K, 99% used [0x00000000e0000000,0x00000000f557ffb8,0x00000000f5580000)
 Metaspace       used 60679K, committed 61888K, reserved 1105920K
  class space    used 5965K, committed 6400K, reserved 1048576K
}
Event: 394.897 GC heap before
{Heap before GC invocations=344 (full 251):
 PSYoungGen      total 67072K, used 29695K [0x00000000f5580000, 0x00000000fbc00000, 0x0000000100000000)
  eden space 29696K, 99% used [0x00000000f5580000,0x00000000f727fff8,0x00000000f7280000)
  from space 37376K, 0% used [0x00000000f7280000,0x00000000f7280000,0x00000000f9700000)
  to   space 18944K, 0% used [0x00000000f9700000,0x00000000f9700000,0x00000000fa980000)
 ParOldGen       total 349696K, used 349695K [0x00000000e0000000, 0x00000000f5580000, 0x00000000f5580000)
  object space 349696K, 99% used [0x00000000e0000000,0x00000000f557ffd8,0x00000000f5580000)
 Metaspace       used 60679K, committed 61888K, reserved 1105920K
  class space    used 5965K, committed 6400K, reserved 1048576K
}
Event: 396.348 GC heap after
{Heap after GC invocations=344 (full 251):
 PSYoungGen      total 48640K, used 29695K [0x00000000f5580000, 0x00000000fbc00000, 0x0000000100000000)
  eden space 29696K, 99% used [0x00000000f5580000,0x00000000f727fff8,0x00000000f7280000)
  from space 18944K, 0% used [0x00000000f9700000,0x00000000f9700000,0x00000000fa980000)
  to   space 37376K, 0% used [0x00000000f7280000,0x00000000f7280000,0x00000000f9700000)
 ParOldGen       total 349696K, used 349695K [0x00000000e0000000, 0x00000000f5580000, 0x00000000f5580000)
  object space 349696K, 99% used [0x00000000e0000000,0x00000000f557ffb8,0x00000000f5580000)
 Metaspace       used 60679K, committed 61888K, reserved 1105920K
  class space    used 5965K, committed 6400K, reserved 1048576K
}
Event: 396.348 GC heap before
{Heap before GC invocations=345 (full 252):
 PSYoungGen      total 48640K, used 29695K [0x00000000f5580000, 0x00000000fbc00000, 0x0000000100000000)
  eden space 29696K, 99% used [0x00000000f5580000,0x00000000f727fff8,0x00000000f7280000)
  from space 18944K, 0% used [0x00000000f9700000,0x00000000f9700000,0x00000000fa980000)
  to   space 37376K, 0% used [0x00000000f7280000,0x00000000f7280000,0x00000000f9700000)
 ParOldGen       total 349696K, used 349695K [0x00000000e0000000, 0x00000000f5580000, 0x00000000f5580000)
  object space 349696K, 99% used [0x00000000e0000000,0x00000000f557ffb8,0x00000000f5580000)
 Metaspace       used 60679K, committed 61888K, reserved 1105920K
  class space    used 5965K, committed 6400K, reserved 1048576K
}
Event: 397.555 GC heap after
{Heap after GC invocations=345 (full 252):
 PSYoungGen      total 67072K, used 29695K [0x00000000f5580000, 0x00000000fbc00000, 0x0000000100000000)
  eden space 29696K, 99% used [0x00000000f5580000,0x00000000f727fff8,0x00000000f7280000)
  from space 37376K, 0% used [0x00000000f7280000,0x00000000f7280000,0x00000000f9700000)
  to   space 18944K, 0% used [0x00000000f9700000,0x00000000f9700000,0x00000000fa980000)
 ParOldGen       total 349696K, used 349695K [0x00000000e0000000, 0x00000000f5580000, 0x00000000f5580000)
  object space 349696K, 99% used [0x00000000e0000000,0x00000000f557ffb8,0x00000000f5580000)
 Metaspace       used 60679K, committed 61888K, reserved 1105920K
  class space    used 5965K, committed 6400K, reserved 1048576K
}
Event: 397.556 GC heap before
{Heap before GC invocations=346 (full 253):
 PSYoungGen      total 67072K, used 29695K [0x00000000f5580000, 0x00000000fbc00000, 0x0000000100000000)
  eden space 29696K, 99% used [0x00000000f5580000,0x00000000f727fff8,0x00000000f7280000)
  from space 37376K, 0% used [0x00000000f7280000,0x00000000f7280000,0x00000000f9700000)
  to   space 18944K, 0% used [0x00000000f9700000,0x00000000f9700000,0x00000000fa980000)
 ParOldGen       total 349696K, used 349695K [0x00000000e0000000, 0x00000000f5580000, 0x00000000f5580000)
  object space 349696K, 99% used [0x00000000e0000000,0x00000000f557ffe8,0x00000000f5580000)
 Metaspace       used 60681K, committed 61888K, reserved 1105920K
  class space    used 5965K, committed 6400K, reserved 1048576K
}
Event: 398.859 GC heap after
{Heap after GC invocations=346 (full 253):
 PSYoungGen      total 48640K, used 29695K [0x00000000f5580000, 0x00000000fbc00000, 0x0000000100000000)
  eden space 29696K, 99% used [0x00000000f5580000,0x00000000f727ffd0,0x00000000f7280000)
  from space 18944K, 0% used [0x00000000f9700000,0x00000000f9700000,0x00000000fa980000)
  to   space 37376K, 0% used [0x00000000f7280000,0x00000000f7280000,0x00000000f9700000)
 ParOldGen       total 349696K, used 349695K [0x00000000e0000000, 0x00000000f5580000, 0x00000000f5580000)
  object space 349696K, 99% used [0x00000000e0000000,0x00000000f557ffc8,0x00000000f5580000)
 Metaspace       used 60681K, committed 61888K, reserved 1105920K
  class space    used 5965K, committed 6400K, reserved 1048576K
}
Event: 398.859 GC heap before
{Heap before GC invocations=347 (full 254):
 PSYoungGen      total 48640K, used 29695K [0x00000000f5580000, 0x00000000fbc00000, 0x0000000100000000)
  eden space 29696K, 99% used [0x00000000f5580000,0x00000000f727ffd0,0x00000000f7280000)
  from space 18944K, 0% used [0x00000000f9700000,0x00000000f9700000,0x00000000fa980000)
  to   space 37376K, 0% used [0x00000000f7280000,0x00000000f7280000,0x00000000f9700000)
 ParOldGen       total 349696K, used 349695K [0x00000000e0000000, 0x00000000f5580000, 0x00000000f5580000)
  object space 349696K, 99% used [0x00000000e0000000,0x00000000f557ffc8,0x00000000f5580000)
 Metaspace       used 60681K, committed 61888K, reserved 1105920K
  class space    used 5965K, committed 6400K, reserved 1048576K
}
Event: 400.229 GC heap after
{Heap after GC invocations=347 (full 254):
 PSYoungGen      total 67072K, used 29695K [0x00000000f5580000, 0x00000000fbc00000, 0x0000000100000000)
  eden space 29696K, 99% used [0x00000000f5580000,0x00000000f727ffd0,0x00000000f7280000)
  from space 37376K, 0% used [0x00000000f7280000,0x00000000f7280000,0x00000000f9700000)
  to   space 18944K, 0% used [0x00000000f9700000,0x00000000f9700000,0x00000000fa980000)
 ParOldGen       total 349696K, used 349695K [0x00000000e0000000, 0x00000000f5580000, 0x00000000f5580000)
  object space 349696K, 99% used [0x00000000e0000000,0x00000000f557ffc8,0x00000000f5580000)
 Metaspace       used 60681K, committed 61888K, reserved 1105920K
  class space    used 5965K, committed 6400K, reserved 1048576K
}
Event: 400.235 GC heap before
{Heap before GC invocations=348 (full 255):
 PSYoungGen      total 67072K, used 29695K [0x00000000f5580000, 0x00000000fbc00000, 0x0000000100000000)
  eden space 29696K, 99% used [0x00000000f5580000,0x00000000f727fff0,0x00000000f7280000)
  from space 37376K, 0% used [0x00000000f7280000,0x00000000f7280000,0x00000000f9700000)
  to   space 18944K, 0% used [0x00000000f9700000,0x00000000f9700000,0x00000000fa980000)
 ParOldGen       total 349696K, used 349696K [0x00000000e0000000, 0x00000000f5580000, 0x00000000f5580000)
  object space 349696K, 100% used [0x00000000e0000000,0x00000000f5580000,0x00000000f5580000)
 Metaspace       used 60681K, committed 61888K, reserved 1105920K
  class space    used 5965K, committed 6400K, reserved 1048576K
}
Event: 401.753 GC heap after
{Heap after GC invocations=348 (full 255):
 PSYoungGen      total 48640K, used 29695K [0x00000000f5580000, 0x00000000fbc00000, 0x0000000100000000)
  eden space 29696K, 99% used [0x00000000f5580000,0x00000000f727fff0,0x00000000f7280000)
  from space 18944K, 0% used [0x00000000f9700000,0x00000000f9700000,0x00000000fa980000)
  to   space 37376K, 0% used [0x00000000f7280000,0x00000000f7280000,0x00000000f9700000)
 ParOldGen       total 349696K, used 349695K [0x00000000e0000000, 0x00000000f5580000, 0x00000000f5580000)
  object space 349696K, 99% used [0x00000000e0000000,0x00000000f557fd00,0x00000000f5580000)
 Metaspace       used 60681K, committed 61888K, reserved 1105920K
  class space    used 5965K, committed 6400K, reserved 1048576K
}
Event: 401.753 GC heap before
{Heap before GC invocations=349 (full 256):
 PSYoungGen      total 48640K, used 29696K [0x00000000f5580000, 0x00000000fbc00000, 0x0000000100000000)
  eden space 29696K, 100% used [0x00000000f5580000,0x00000000f7280000,0x00000000f7280000)
  from space 18944K, 0% used [0x00000000f9700000,0x00000000f9700000,0x00000000fa980000)
  to   space 37376K, 0% used [0x00000000f7280000,0x00000000f7280000,0x00000000f9700000)
 ParOldGen       total 349696K, used 349695K [0x00000000e0000000, 0x00000000f5580000, 0x00000000f5580000)
  object space 349696K, 99% used [0x00000000e0000000,0x00000000f557ffc0,0x00000000f5580000)
 Metaspace       used 60681K, committed 61888K, reserved 1105920K
  class space    used 5965K, committed 6400K, reserved 1048576K
}
Event: 402.963 GC heap after
{Heap after GC invocations=349 (full 256):
 PSYoungGen      total 67072K, used 29695K [0x00000000f5580000, 0x00000000fbc00000, 0x0000000100000000)
  eden space 29696K, 99% used [0x00000000f5580000,0x00000000f727fff0,0x00000000f7280000)
  from space 37376K, 0% used [0x00000000f7280000,0x00000000f7280000,0x00000000f9700000)
  to   space 18944K, 0% used [0x00000000f9700000,0x00000000f9700000,0x00000000fa980000)
 ParOldGen       total 349696K, used 349695K [0x00000000e0000000, 0x00000000f5580000, 0x00000000f5580000)
  object space 349696K, 99% used [0x00000000e0000000,0x00000000f557fd90,0x00000000f5580000)
 Metaspace       used 60681K, committed 61888K, reserved 1105920K
  class space    used 5965K, committed 6400K, reserved 1048576K
}
Event: 402.963 GC heap before
{Heap before GC invocations=350 (full 257):
 PSYoungGen      total 67072K, used 29695K [0x00000000f5580000, 0x00000000fbc00000, 0x0000000100000000)
  eden space 29696K, 99% used [0x00000000f5580000,0x00000000f727fff0,0x00000000f7280000)
  from space 37376K, 0% used [0x00000000f7280000,0x00000000f7280000,0x00000000f9700000)
  to   space 18944K, 0% used [0x00000000f9700000,0x00000000f9700000,0x00000000fa980000)
 ParOldGen       total 349696K, used 349695K [0x00000000e0000000, 0x00000000f5580000, 0x00000000f5580000)
  object space 349696K, 99% used [0x00000000e0000000,0x00000000f557fd90,0x00000000f5580000)
 Metaspace       used 60681K, committed 61888K, reserved 1105920K
  class space    used 5965K, committed 6400K, reserved 1048576K
}
Event: 404.163 GC heap after
{Heap after GC invocations=350 (full 257):
 PSYoungGen      total 48640K, used 29695K [0x00000000f5580000, 0x00000000fbc00000, 0x0000000100000000)
  eden space 29696K, 99% used [0x00000000f5580000,0x00000000f727fff0,0x00000000f7280000)
  from space 18944K, 0% used [0x00000000f9700000,0x00000000f9700000,0x00000000fa980000)
  to   space 37376K, 0% used [0x00000000f7280000,0x00000000f7280000,0x00000000f9700000)
 ParOldGen       total 349696K, used 349695K [0x00000000e0000000, 0x00000000f5580000, 0x00000000f5580000)
  object space 349696K, 99% used [0x00000000e0000000,0x00000000f557fd90,0x00000000f5580000)
 Metaspace       used 60681K, committed 61888K, reserved 1105920K
  class space    used 5965K, committed 6400K, reserved 1048576K
}

Dll operation events (9 events):
Event: 0.002 Loaded shared library /nix/store/gpxl5qgg8kicmcvivwmybwjlpf7wh20l-graalvm17-ce-22.3.0/lib/libjava.so
Event: 0.010 Loaded shared library /nix/store/gpxl5qgg8kicmcvivwmybwjlpf7wh20l-graalvm17-ce-22.3.0/lib/libjsvml.so
Event: 0.281 Loaded shared library /nix/store/gpxl5qgg8kicmcvivwmybwjlpf7wh20l-graalvm17-ce-22.3.0/lib/libnio.so
Event: 0.285 Loaded shared library /nix/store/gpxl5qgg8kicmcvivwmybwjlpf7wh20l-graalvm17-ce-22.3.0/lib/libzip.so
Event: 0.288 Loaded shared library /nix/store/gpxl5qgg8kicmcvivwmybwjlpf7wh20l-graalvm17-ce-22.3.0/lib/libjvmcicompiler.so
Event: 0.747 Loaded shared library /nix/store/gpxl5qgg8kicmcvivwmybwjlpf7wh20l-graalvm17-ce-22.3.0/lib/libjimage.so
Event: 1.282 Loaded shared library /nix/store/gpxl5qgg8kicmcvivwmybwjlpf7wh20l-graalvm17-ce-22.3.0/lib/libnet.so
Event: 4.291 Loaded shared library /home/runner/.cache/jdt-language-server/config/org.eclipse.equinox.launcher/org.eclipse.equinox.launcher.gtk.linux.x86_64_1.2.400.v20211117-0650/eclipse_11600.so
Event: 14.068 Loaded shared library /nix/store/gpxl5qgg8kicmcvivwmybwjlpf7wh20l-graalvm17-ce-22.3.0/lib/libextnet.so

Deoptimization events (20 events):
Event: 68.866 Thread 0x00007fbb8c4b9860 DEOPT PACKING pc=0x00007fbbdfcdf9dd sp=0x00007fbba53fe530
Event: 68.866 Thread 0x00007fbb8c4b9860 DEOPT UNPACKING pc=0x00007fbbdf505325 sp=0x00007fbba53fda20 mode 0
Event: 68.868 Thread 0x00007fbb8c4b9860 DEOPT PACKING pc=0x00007fbbdfcdf9dd sp=0x00007fbba53fe530
Event: 68.868 Thread 0x00007fbb8c4b9860 DEOPT UNPACKING pc=0x00007fbbdf505325 sp=0x00007fbba53fda20 mode 0
Event: 68.873 Thread 0x00007fbb8c4b9860 DEOPT PACKING pc=0x00007fbbdfcdf9dd sp=0x00007fbba53fe530
Event: 68.873 Thread 0x00007fbb8c4b9860 DEOPT UNPACKING pc=0x00007fbbdf505325 sp=0x00007fbba53fda20 mode 0
Event: 360.954 Thread 0x00007fbb5c450690 DEOPT PACKING pc=0x00007fbbe719943c sp=0x00007fbba44fdff0
Event: 360.954 Thread 0x00007fbb5c450690 DEOPT UNPACKING pc=0x00007fbbdf505325 sp=0x00007fbba44fd470 mode 1
Event: 370.001 Thread 0x00007fbbf80b21b0 Uncommon trap: trap_request=0xffffff8f fr.pc=0x00007fbbe71f08df relative=0x0000000000000a7f
Event: 370.001 Thread 0x00007fbbf80b21b0 Uncommon trap: reason=constraint action=none pc=0x00007fbbe71f08df method=java.io.DataOutputStream.writeUTF(Ljava/lang/String;Ljava/io/DataOutput;)I @ 116 jvmci
Event: 370.001 Thread 0x00007fbbf80b21b0 DEOPT PACKING pc=0x00007fbbe71f08df sp=0x00007fbbde315ff0
Event: 370.001 Thread 0x00007fbbf80b21b0 DEOPT UNPACKING pc=0x00007fbbdf505325 sp=0x00007fbbde315440 mode 3
Event: 380.481 Thread 0x00007fbb8c4b9860 Uncommon trap: trap_request=0xffffff8f fr.pc=0x00007fbbe72090b8 relative=0x00000000000011f8
Event: 380.481 Thread 0x00007fbb8c4b9860 Uncommon trap: reason=constraint action=none pc=0x00007fbbe72090b8 method=org.eclipse.jdt.internal.core.index.DiskIndex.copyQueryResults(Lorg/eclipse/jdt/internal/compiler/util/HashtableOfObject;I)V @ 123 jvmci
Event: 380.481 Thread 0x00007fbb8c4b9860 DEOPT PACKING pc=0x00007fbbe72090b8 sp=0x00007fbba53fe530
Event: 380.481 Thread 0x00007fbb8c4b9860 DEOPT UNPACKING pc=0x00007fbbdf505325 sp=0x00007fbba53fda28 mode 3
Event: 383.065 Thread 0x00007fbb8c4b9860 Uncommon trap: trap_request=0xffffff8f fr.pc=0x00007fbbe720fe94 relative=0x0000000000000274
Event: 383.065 Thread 0x00007fbb8c4b9860 Uncommon trap: reason=constraint action=none pc=0x00007fbbe720fe94 method=org.eclipse.jdt.internal.core.index.DiskIndex$IntList.add(I)V @ 0 jvmci
Event: 383.065 Thread 0x00007fbb8c4b9860 DEOPT PACKING pc=0x00007fbbe720fe94 sp=0x00007fbba53fe500
Event: 383.065 Thread 0x00007fbb8c4b9860 DEOPT UNPACKING pc=0x00007fbbdf505325 sp=0x00007fbba53fd9b0 mode 3

Classes unloaded (20 events):
Event: 78.205 Thread 0x00007fbbf80a1bf0 Unloading class 0x0000000800ef0000 'jdk/internal/reflect/GeneratedConstructorAccessor8'
Event: 78.205 Thread 0x00007fbbf80a1bf0 Unloading class 0x0000000800da1000 'java/lang/invoke/LambdaForm$MH+0x0000000800da1000'
Event: 78.205 Thread 0x00007fbbf80a1bf0 Unloading class 0x0000000800da0c00 'java/lang/invoke/LambdaForm$MH+0x0000000800da0c00'
Event: 78.205 Thread 0x00007fbbf80a1bf0 Unloading class 0x0000000800da0800 'java/lang/invoke/LambdaForm$MH+0x0000000800da0800'
Event: 78.205 Thread 0x00007fbbf80a1bf0 Unloading class 0x0000000800da0400 'java/lang/invoke/LambdaForm$MH+0x0000000800da0400'
Event: 78.205 Thread 0x00007fbbf80a1bf0 Unloading class 0x0000000800da0000 'jdk/internal/reflect/GeneratedConstructorAccessor3'
Event: 78.205 Thread 0x00007fbbf80a1bf0 Unloading class 0x0000000800d02400 'java/lang/invoke/LambdaForm$MH+0x0000000800d02400'
Event: 78.205 Thread 0x00007fbbf80a1bf0 Unloading class 0x0000000800d01c00 'java/lang/invoke/LambdaForm$MH+0x0000000800d01c00'
Event: 78.205 Thread 0x00007fbbf80a1bf0 Unloading class 0x0000000800d01800 'java/lang/invoke/LambdaForm$MH+0x0000000800d01800'
Event: 78.205 Thread 0x00007fbbf80a1bf0 Unloading class 0x0000000800d01400 'java/lang/invoke/LambdaForm$MH+0x0000000800d01400'
Event: 78.205 Thread 0x00007fbbf80a1bf0 Unloading class 0x0000000800d00c00 'java/lang/invoke/LambdaForm$MH+0x0000000800d00c00'
Event: 78.205 Thread 0x00007fbbf80a1bf0 Unloading class 0x0000000800d00800 'java/lang/invoke/LambdaForm$MH+0x0000000800d00800'
Event: 78.205 Thread 0x00007fbbf80a1bf0 Unloading class 0x0000000800d00400 'java/lang/invoke/LambdaForm$MH+0x0000000800d00400'
Event: 78.205 Thread 0x00007fbbf80a1bf0 Unloading class 0x0000000800cbe400 'java/lang/invoke/LambdaForm$MH+0x0000000800cbe400'
Event: 78.206 Thread 0x00007fbbf80a1bf0 Unloading class 0x0000000800c1d000 'jdk/internal/reflect/GeneratedMethodAccessor5'
Event: 78.206 Thread 0x00007fbbf80a1bf0 Unloading class 0x0000000800c1cc00 'jdk/internal/reflect/GeneratedMethodAccessor4'
Event: 78.206 Thread 0x00007fbbf80a1bf0 Unloading class 0x0000000800c1c800 'jdk/internal/reflect/GeneratedMethodAccessor3'
Event: 78.206 Thread 0x00007fbbf80a1bf0 Unloading class 0x0000000800c1c400 'jdk/internal/reflect/GeneratedMethodAccessor2'
Event: 78.206 Thread 0x00007fbbf80a1bf0 Unloading class 0x0000000800c1c000 'jdk/internal/reflect/GeneratedMethodAccessor1'
Event: 78.206 Thread 0x00007fbbf80a1bf0 Unloading class 0x0000000800c01c00 'java/lang/invoke/LambdaForm$DMH+0x0000000800c01c00'

Classes redefined (0 events):
No events

Internal exceptions (20 events):
Event: 40.583 Thread 0x00007fbb80007540 Exception <a 'java/lang/NoSuchMethodError'{0x00000000f5881800}: 'java.lang.Object java.lang.invoke.DirectMethodHandle$Holder.invokeSpecial(java.lang.Object, java.lang.Object, java.lang.Object, java.lang.Object, int, java.lang.Object)'> (0x00000000f5881800) 
thrown [src/hotspot/share/interpreter/linkResolver.cpp, line 758]
Event: 40.584 Thread 0x00007fbb80007540 Exception <a 'java/lang/NoSuchMethodError'{0x00000000f5885820}: 'java.lang.Object java.lang.invoke.Invokers$Holder.linkToTargetMethod(java.lang.Object, java.lang.Object, int, java.lang.Object, java.lang.Object)'> (0x00000000f5885820) 
thrown [src/hotspot/share/interpreter/linkResolver.cpp, line 758]
Event: 42.057 Thread 0x00007fbb68000ff0 Implicit null exception at 0x00007fbbe70d50e9 to 0x00007fbbe70d529b
Event: 52.846 Thread 0x00007fbb881575c0 Exception <a 'java/lang/NoSuchMethodError'{0x00000000f6d39d90}: 'java.lang.Object java.lang.invoke.DirectMethodHandle$Holder.invokeStatic(java.lang.Object, int, java.lang.Object, java.lang.Object, java.lang.Object, java.lang.Object)'> (0x00000000f6d39d90) 
thrown [src/hotspot/share/interpreter/linkResolver.cpp, line 758]
Event: 52.860 Thread 0x00007fbb88158700 Exception <a 'java/lang/NoSuchMethodError'{0x00000000f6f607d0}: 'java.lang.Object java.lang.invoke.DirectMethodHandle$Holder.newInvokeSpecial(java.lang.Object, java.lang.Object, int, java.lang.Object, java.lang.Object, java.lang.Object, java.lang.Object)'> (0x00000000f6f607d0) 
thrown [src/hotspot/share/interpreter/linkResolver.cpp, line 758]
Event: 52.948 Thread 0x00007fbb881575c0 Exception <a 'java/lang/NoSuchMethodError'{0x00000000f6d4f720}: 'java.lang.Object java.lang.invoke.DirectMethodHandle$Holder.newInvokeSpecial(java.lang.Object, int, java.lang.Object, java.lang.Object, java.lang.Object)'> (0x00000000f6d4f720) 
thrown [src/hotspot/share/interpreter/linkResolver.cpp, line 758]
Event: 53.153 Thread 0x00007fbb88158700 Exception <a 'java/lang/NoSuchMethodError'{0x00000000f59837f0}: 'void java.lang.invoke.DirectMethodHandle$Holder.invokeSpecial(java.lang.Object, java.lang.Object, int)'> (0x00000000f59837f0) 
thrown [src/hotspot/share/interpreter/linkResolver.cpp, line 758]
Event: 53.154 Thread 0x00007fbb881564c0 Exception <a 'java/lang/NoSuchMethodError'{0x00000000f598d9a0}: 'void java.lang.invoke.DirectMethodHandle$Holder.invokeSpecial(java.lang.Object, java.lang.Object, int)'> (0x00000000f598d9a0) 
thrown [src/hotspot/share/interpreter/linkResolver.cpp, line 758]
Event: 54.148 Thread 0x00007fbb8813a1c0 Exception <a 'java/lang/NoSuchMethodError'{0x00000000f5d5ce18}: 'int java.lang.invoke.DirectMethodHandle$Holder.invokeSpecialIFC(java.lang.Object, java.lang.Object, java.lang.Object, java.lang.Object)'> (0x00000000f5d5ce18) 
thrown [src/hotspot/share/interpreter/linkResolver.cpp, line 758]
Event: 360.954 Thread 0x00007fbb5c450690 Exception <a 'java/lang/OutOfMemoryError'{0x00000000e0004128}> (0x00000000e0004128) 
thrown [src/hotspot/share/gc/shared/memAllocator.cpp, line 136]
Event: 370.001 Thread 0x00007fbbf80b21b0 Exception <a 'java/lang/OutOfMemoryError'{0x00000000e00046c8}> (0x00000000e00046c8) 
thrown [src/hotspot/share/gc/shared/memAllocator.cpp, line 138]
Event: 370.001 Thread 0x00007fbbf80b21b0 Implicit null exception at 0x00007fbbe71f054c to 0x00007fbbe71f08c4
Event: 380.481 Thread 0x00007fbb8c4b9860 Exception <a 'java/lang/OutOfMemoryError'{0x00000000e00043f8}> (0x00000000e00043f8) 
thrown [src/hotspot/share/gc/shared/memAllocator.cpp, line 138]
Event: 380.481 Thread 0x00007fbb8c4b9860 Implicit null exception at 0x00007fbbe7208b2e to 0x00007fbbe720909d
Event: 383.065 Thread 0x00007fbb8c4b9860 Exception <a 'java/lang/OutOfMemoryError'{0x00000000e00043f8}> (0x00000000e00043f8) 
thrown [src/hotspot/share/gc/shared/memAllocator.cpp, line 138]
Event: 383.065 Thread 0x00007fbb8c4b9860 Implicit null exception at 0x00007fbbe720fded to 0x00007fbbe720fe79
Event: 385.554 Thread 0x00007fbb5c44ff30 Exception <a 'java/lang/OutOfMemoryError'{0x00000000e0004718}> (0x00000000e0004718) 
thrown [src/hotspot/share/gc/shared/memAllocator.cpp, line 136]
Event: 397.555 Thread 0x00007fbb5c44ff30 Exception <a 'java/lang/OutOfMemoryError'{0x00000000e0004718}> (0x00000000e0004718) 
thrown [src/hotspot/share/gc/shared/memAllocator.cpp, line 136]
Event: 400.230 Thread 0x00007fbb5c450690 Exception <a 'java/lang/OutOfMemoryError'{0x00000000e0004718}> (0x00000000e0004718) 
thrown [src/hotspot/share/gc/shared/memAllocator.cpp, line 136]
Event: 404.163 Thread 0x00007fbbf80b21b0 Exception <a 'java/lang/OutOfMemoryError'{0x00000000e0004448}> (0x00000000e0004448) 
thrown [src/hotspot/share/gc/shared/memAllocator.cpp, line 136]

VM Operations (20 events):
Event: 388.173 Executing VM operation: ParallelGCFailedAllocation done
Event: 388.173 Executing VM operation: ParallelGCFailedAllocation
Event: 389.587 Executing VM operation: ParallelGCFailedAllocation done
Event: 389.588 Executing VM operation: ParallelGCFailedAllocation
Event: 390.911 Executing VM operation: ParallelGCFailedAllocation done
Event: 390.911 Executing VM operation: ParallelGCFailedAllocation
Event: 392.192 Executing VM operation: ParallelGCFailedAllocation done
Event: 392.193 Executing VM operation: ParallelGCFailedAllocation
Event: 393.564 Executing VM operation: ParallelGCFailedAllocation done
Event: 393.564 Executing VM operation: ParallelGCFailedAllocation
Event: 394.897 Executing VM operation: ParallelGCFailedAllocation done
Event: 394.897 Executing VM operation: ParallelGCFailedAllocation
Event: 397.555 Executing VM operation: ParallelGCFailedAllocation done
Event: 397.555 Executing VM operation: ParallelGCFailedAllocation
Event: 400.229 Executing VM operation: ParallelGCFailedAllocation done
Event: 400.232 Executing VM operation: ParallelGCFailedAllocation
Event: 401.753 Executing VM operation: ParallelGCFailedAllocation done
Event: 401.753 Executing VM operation: ParallelGCFailedAllocation
Event: 404.163 Executing VM operation: ParallelGCFailedAllocation done
Event: 404.164 Executing VM operation: ParallelGCFailedAllocation

Events (20 events):
Event: 65.862 Thread 0x00007fbbf80b4b10 flushing nmethod 0x00007fbbe0ad9a90
Event: 65.862 Thread 0x00007fbbf80b4b10 flushing nmethod 0x00007fbbe0ada790
Event: 93.716 Thread 0x00007fbb60004db0 Thread exited: 0x00007fbb60004db0
Event: 120.664 Thread 0x00007fbb8c339b00 Thread exited: 0x00007fbb8c339b00
Event: 120.664 Thread 0x00007fbb68002220 Thread exited: 0x00007fbb68002220
Event: 120.664 Thread 0x00007fbb68000ff0 Thread exited: 0x00007fbb68000ff0
Event: 177.586 Thread 0x00007fbb70001130 Thread exited: 0x00007fbb70001130
Event: 376.560 loading class java/lang/AssertionError
Event: 377.961 loading class java/lang/AssertionError done
Event: 385.554 loading class java/io/InterruptedIOException
Event: 397.555 loading class java/io/InterruptedIOException done
Event: 397.555 loading class java/lang/UnsupportedOperationException
Event: 404.163 loading class java/lang/UnsupportedOperationException done
Event: 404.163 loading class javax/crypto/AEADBadTagException
Event: 404.164 loading class javax/crypto/AEADBadTagException done
Event: 404.164 loading class javax/net/ssl/SSLHandshakeException
Event: 404.164 loading class javax/net/ssl/SSLException
Event: 404.164 loading class javax/net/ssl/SSLException done
Event: 404.164 loading class javax/net/ssl/SSLHandshakeException done
Event: 404.164 loading class java/io/InterruptedIOException


Dynamic libraries:
e0000000-f5580000 rw-p 00000000 00:00 0 
f5580000-fbc00000 rw-p 00000000 00:00 0 
fbc00000-100000000 ---p 00000000 00:00 0 
800000000-800449000 rw-p 00001000 00:202d 4611686019135357769            /nix/store/gpxl5qgg8kicmcvivwmybwjlpf7wh20l-graalvm17-ce-22.3.0/lib/server/classes.jsa
800449000-800bc8000 r--p 0044a000 00:202d 4611686019135357769            /nix/store/gpxl5qgg8kicmcvivwmybwjlpf7wh20l-graalvm17-ce-22.3.0/lib/server/classes.jsa
800bc8000-800c00000 ---p 00000000 00:00 0 
800c00000-800c20000 rw-p 00000000 00:00 0 
800c20000-800c40000 rw-p 00000000 00:00 0 
800c40000-800cc0000 rw-p 00000000 00:00 0 
800cc0000-800d00000 rw-p 00000000 00:00 0 
800d00000-800dc0000 rw-p 00000000 00:00 0 
800dc0000-800e00000 rw-p 00000000 00:00 0 
800e00000-800f40000 rw-p 00000000 00:00 0 
800f40000-800fc0000 rw-p 00000000 00:00 0 
800fc0000-801000000 rw-p 00000000 00:00 0 
801000000-801240000 rw-p 00000000 00:00 0 
801240000-840c00000 ---p 00000000 00:00 0 
56541ad44000-56541ad45000 r-xp 00000000 00:202d 4611686019099417844      /nix/store/gpxl5qgg8kicmcvivwmybwjlpf7wh20l-graalvm17-ce-22.3.0/bin/.java-wrapped
56541ad46000-56541ad47000 r--p 00001000 00:202d 4611686019099417844      /nix/store/gpxl5qgg8kicmcvivwmybwjlpf7wh20l-graalvm17-ce-22.3.0/bin/.java-wrapped
56541ad47000-56541ad48000 rw-p 00002000 00:202d 4611686019099417844      /nix/store/gpxl5qgg8kicmcvivwmybwjlpf7wh20l-graalvm17-ce-22.3.0/bin/.java-wrapped
56541ad48000-56541ad49000 rw-p 00004000 00:202d 4611686019099417844      /nix/store/gpxl5qgg8kicmcvivwmybwjlpf7wh20l-graalvm17-ce-22.3.0/bin/.java-wrapped
56541ad49000-56541ad4a000 rw-p 00005000 00:202d 4611686019099417844      /nix/store/gpxl5qgg8kicmcvivwmybwjlpf7wh20l-graalvm17-ce-22.3.0/bin/.java-wrapped
56541c7ec000-56541c834000 rw-p 00000000 00:00 0                          [heap]
7fbb24000000-7fbb24029000 rw-p 00000000 00:00 0 
7fbb24029000-7fbb28000000 ---p 00000000 00:00 0 
7fbb28000000-7fbb28051000 rw-p 00000000 00:00 0 
7fbb28051000-7fbb2c000000 ---p 00000000 00:00 0 
7fbb2c000000-7fbb2c0a5000 rw-p 00000000 00:00 0 
7fbb2c0a5000-7fbb30000000 ---p 00000000 00:00 0 
7fbb30000000-7fbb300ba000 rw-p 00000000 00:00 0 
7fbb300ba000-7fbb34000000 ---p 00000000 00:00 0 
7fbb34000000-7fbb34021000 rw-p 00000000 00:00 0 
7fbb34021000-7fbb38000000 ---p 00000000 00:00 0 
7fbb38000000-7fbb38027000 rw-p 00000000 00:00 0 
7fbb38027000-7fbb3c000000 ---p 00000000 00:00 0 
7fbb3c000000-7fbb3c021000 rw-p 00000000 00:00 0 
7fbb3c021000-7fbb40000000 ---p 00000000 00:00 0 
7fbb40000000-7fbb40021000 rw-p 00000000 00:00 0 
7fbb40021000-7fbb44000000 ---p 00000000 00:00 0 
7fbb44000000-7fbb44021000 rw-p 00000000 00:00 0 
7fbb44021000-7fbb48000000 ---p 00000000 00:00 0 
7fbb4a4b3000-7fbb54000000 r--s 00000000 00:202d 4611686019135192581      /nix/store/gpxl5qgg8kicmcvivwmybwjlpf7wh20l-graalvm17-ce-22.3.0/lib/modules
7fbb54000000-7fbb54022000 rw-p 00000000 00:00 0 
7fbb54022000-7fbb58000000 ---p 00000000 00:00 0 
7fbb58a00000-7fbb58b00000 ---p 00000000 00:00 0 
7fbb58b00000-7fbb590af000 r--p 01122000 00:202d 4611686019135190040      /nix/store/gpxl5qgg8kicmcvivwmybwjlpf7wh20l-graalvm17-ce-22.3.0/lib/libjvmcicompiler.so
7fbb590af000-7fbb59200000 r--p 00000000 00:00 0 
7fbb59200000-7fbb5923d000 rw-p 00000000 00:00 0 
7fbb5923d000-7fbb5975d000 rw-p 0185f000 00:202d 4611686019135190040      /nix/store/gpxl5qgg8kicmcvivwmybwjlpf7wh20l-graalvm17-ce-22.3.0/lib/libjvmcicompiler.so
7fbb5975d000-7fbb59b44000 r--p 01d7f000 00:202d 4611686019135190040      /nix/store/gpxl5qgg8kicmcvivwmybwjlpf7wh20l-graalvm17-ce-22.3.0/lib/libjvmcicompiler.so
7fbb59c00000-7fbb5a2c0000 rw-p 00000000 00:00 0 
7fbb5a2c0000-7fbb5a400000 ---p 00000000 00:00 0 
7fbb5ac00000-7fbb5ad80000 rw-p 00000000 00:00 0 
7fbb5ad80000-7fbb5ae00000 rw-p 00000000 00:00 0 
7fbb5ae00000-7fbb5b100000 rw-p 00000000 00:00 0 
7fbb5b100000-7fbb5b170000 rw-p 00000000 00:00 0 
7fbb5b170000-7fbb5b200000 ---p 00000000 00:00 0 
7fbb5b200000-7fbb5b400000 rw-p 00000000 00:00 0 
7fbb5c000000-7fbb5c60b000 rw-p 00000000 00:00 0 
7fbb5c60b000-7fbb60000000 ---p 00000000 00:00 0 
7fbb60000000-7fbb60021000 rw-p 00000000 00:00 0 
7fbb60021000-7fbb64000000 ---p 00000000 00:00 0 
7fbb64000000-7fbb64021000 rw-p 00000000 00:00 0 
7fbb64021000-7fbb68000000 ---p 00000000 00:00 0 
7fbb68000000-7fbb68021000 rw-p 00000000 00:00 0 
7fbb68021000-7fbb6c000000 ---p 00000000 00:00 0 
7fbb6c000000-7fbb6c021000 rw-p 00000000 00:00 0 
7fbb6c021000-7fbb70000000 ---p 00000000 00:00 0 
7fbb70000000-7fbb70113000 rw-p 00000000 00:00 0 
7fbb70113000-7fbb74000000 ---p 00000000 00:00 0 
7fbb74000000-7fbb74031000 rw-p 00000000 00:00 0 
7fbb74031000-7fbb78000000 ---p 00000000 00:00 0 
7fbb78000000-7fbb78061000 rw-p 00000000 00:00 0 
7fbb78061000-7fbb7c000000 ---p 00000000 00:00 0 
7fbb7c000000-7fbb7c021000 rw-p 00000000 00:00 0 
7fbb7c021000-7fbb80000000 ---p 00000000 00:00 0 
7fbb80000000-7fbb8036b000 rw-p 00000000 00:00 0 
7fbb8036b000-7fbb84000000 ---p 00000000 00:00 0 
7fbb84000000-7fbb84021000 rw-p 00000000 00:00 0 
7fbb84021000-7fbb88000000 ---p 00000000 00:00 0 
7fbb88000000-7fbb88167000 rw-p 00000000 00:00 0 
7fbb88167000-7fbb8c000000 ---p 00000000 00:00 0 
7fbb8c000000-7fbb8c8eb000 rw-p 00000000 00:00 0 
7fbb8c8eb000-7fbb90000000 ---p 00000000 00:00 0 
7fbb90000000-7fbb90026000 rw-p 00000000 00:00 0 
7fbb90026000-7fbb94000000 ---p 00000000 00:00 0 
7fbb94000000-7fbb94021000 rw-p 00000000 00:00 0 
7fbb94021000-7fbb98000000 ---p 00000000 00:00 0 
7fbb98000000-7fbb98021000 rw-p 00000000 00:00 0 
7fbb98021000-7fbb9c000000 ---p 00000000 00:00 0 
7fbb9c000000-7fbb9c021000 rw-p 00000000 00:00 0 
7fbb9c021000-7fbba0000000 ---p 00000000 00:00 0 
7fbba0800000-7fbba0900000 rw-p 00000000 00:00 0 
7fbba0900000-7fbba0a00000 rw-p 00000000 00:00 0 
7fbba0a00000-7fbba1000000 rw-p 00000000 00:00 0 
7fbba1000000-7fbba1100000 rw-p 00000000 00:00 0 
7fbba1100000-7fbba1300000 rw-p 00000000 00:00 0 
7fbba1300000-7fbba1400000 rw-p 00000000 00:00 0 
7fbba1400000-7fbba1500000 rw-p 00000000 00:00 0 
7fbba1500000-7fbba1600000 rw-p 00000000 00:00 0 
7fbba1600000-7fbba1800000 rw-p 00000000 00:00 0 
7fbba1800000-7fbba1900000 rw-p 00000000 00:00 0 
7fbba1900000-7fbba1a00000 rw-p 00000000 00:00 0 
7fbba1a00000-7fbba1f80000 rw-p 00000000 00:00 0 
7fbba1f80000-7fbba2000000 rw-p 00000000 00:00 0 
7fbba2400000-7fbba2500000 rw-p 00000000 00:00 0 
7fbba2500000-7fbba2600000 rw-p 00000000 00:00 0 
7fbba2600000-7fbba2900000 rw-p 00000000 00:00 0 
7fbba2900000-7fbba2a00000 rw-p 00000000 00:00 0 
7fbba2a00000-7fbba2c00000 rw-p 00000000 00:00 0 
7fbba2c00000-7fbba2c10000 r-xp 00000000 00:202a 356                      /home/runner/.cache/jdt-language-server/config/org.eclipse.equinox.launcher/org.eclipse.equinox.launcher.gtk.linux.x86_64_1.2.400.v20211117-0650/eclipse_11600.so
7fbba2c10000-7fbba2e0f000 ---p 00010000 00:202a 356                      /home/runner/.cache/jdt-language-server/config/org.eclipse.equinox.launcher/org.eclipse.equinox.launcher.gtk.linux.x86_64_1.2.400.v20211117-0650/eclipse_11600.so
7fbba2e0f000-7fbba2e10000 r--p 0000f000 00:202a 356                      /home/runner/.cache/jdt-language-server/config/org.eclipse.equinox.launcher/org.eclipse.equinox.launcher.gtk.linux.x86_64_1.2.400.v20211117-0650/eclipse_11600.so
7fbba2e10000-7fbba2e11000 rw-p 00010000 00:202a 356                      /home/runner/.cache/jdt-language-server/config/org.eclipse.equinox.launcher/org.eclipse.equinox.launcher.gtk.linux.x86_64_1.2.400.v20211117-0650/eclipse_11600.so
7fbba3d00000-7fbba3d04000 ---p 00000000 00:00 0 
7fbba3d04000-7fbba3e00000 rw-p 00000000 00:00 0 
7fbba3f00000-7fbba3f04000 ---p 00000000 00:00 0 
7fbba3f04000-7fbba4000000 rw-p 00000000 00:00 0 
7fbba4100000-7fbba4104000 ---p 00000000 00:00 0 
7fbba4104000-7fbba4200000 rw-p 00000000 00:00 0 
7fbba4400000-7fbba4404000 ---p 00000000 00:00 0 
7fbba4404000-7fbba4500000 rw-p 00000000 00:00 0 
7fbba4500000-7fbba4504000 ---p 00000000 00:00 0 
7fbba4504000-7fbba4600000 rw-p 00000000 00:00 0 
7fbba4700000-7fbba4704000 ---p 00000000 00:00 0 
7fbba4704000-7fbba4800000 rw-p 00000000 00:00 0 
7fbba4900000-7fbba4904000 ---p 00000000 00:00 0 
7fbba4904000-7fbba4a00000 rw-p 00000000 00:00 0 
7fbba4a00000-7fbba4a04000 ---p 00000000 00:00 0 
7fbba4a04000-7fbba4b00000 rw-p 00000000 00:00 0 
7fbba4b00000-7fbba4b04000 ---p 00000000 00:00 0 
7fbba4b04000-7fbba4c00000 rw-p 00000000 00:00 0 
7fbba4d00000-7fbba4d04000 ---p 00000000 00:00 0 
7fbba4d04000-7fbba4e00000 rw-p 00000000 00:00 0 
7fbba4e00000-7fbba4e04000 ---p 00000000 00:00 0 
7fbba4e04000-7fbba4f00000 rw-p 00000000 00:00 0 
7fbba4f00000-7fbba4f04000 ---p 00000000 00:00 0 
7fbba4f04000-7fbba5000000 rw-p 00000000 00:00 0 
7fbba5000000-7fbba5004000 ---p 00000000 00:00 0 
7fbba5004000-7fbba5100000 rw-p 00000000 00:00 0 
7fbba5100000-7fbba5104000 ---p 00000000 00:00 0 
7fbba5104000-7fbba5200000 rw-p 00000000 00:00 0 
7fbba5200000-7fbba5204000 ---p 00000000 00:00 0 
7fbba5204000-7fbba5300000 rw-p 00000000 00:00 0 
7fbba5300000-7fbba5304000 ---p 00000000 00:00 0 
7fbba5304000-7fbba5400000 rw-p 00000000 00:00 0 
7fbba5500000-7fbba5504000 ---p 00000000 00:00 0 
7fbba5504000-7fbba5600000 rw-p 00000000 00:00 0 
7fbba5700000-7fbba5704000 ---p 00000000 00:00 0 
7fbba5704000-7fbba5800000 rw-p 00000000 00:00 0 
7fbba5900000-7fbba5904000 ---p 00000000 00:00 0 
7fbba5904000-7fbba5a00000 rw-p 00000000 00:00 0 
7fbba5b00000-7fbba5b04000 ---p 00000000 00:00 0 
7fbba5b04000-7fbba5c00000 rw-p 00000000 00:00 0 
7fbba5c00000-7fbba7d6a000 r-xp 00000000 00:202d 4611686019135190040      /nix/store/gpxl5qgg8kicmcvivwmybwjlpf7wh20l-graalvm17-ce-22.3.0/lib/libjvmcicompiler.so
7fbba7d6a000-7fbba7f69000 ---p 0216a000 00:202d 4611686019135190040      /nix/store/gpxl5qgg8kicmcvivwmybwjlpf7wh20l-graalvm17-ce-22.3.0/lib/libjvmcicompiler.so
7fbba7f69000-7fbba7f6a000 r--p 02169000 00:202d 4611686019135190040      /nix/store/gpxl5qgg8kicmcvivwmybwjlpf7wh20l-graalvm17-ce-22.3.0/lib/libjvmcicompiler.so
7fbba7f6a000-7fbba7f6c000 rw-p 0216a000 00:202d 4611686019135190040      /nix/store/gpxl5qgg8kicmcvivwmybwjlpf7wh20l-graalvm17-ce-22.3.0/lib/libjvmcicompiler.so
7fbba7f6c000-7fbba7f6d000 rw-p 00000000 00:00 0 
7fbba7f6d000-7fbba7f72000 rw-p 023c3000 00:202d 4611686019135190040      /nix/store/gpxl5qgg8kicmcvivwmybwjlpf7wh20l-graalvm17-ce-22.3.0/lib/libjvmcicompiler.so
7fbba8000000-7fbba8021000 rw-p 00000000 00:00 0 
7fbba8021000-7fbbac000000 ---p 00000000 00:00 0 
7fbbac000000-7fbbac021000 rw-p 00000000 00:00 0 
7fbbac021000-7fbbb0000000 ---p 00000000 00:00 0 
7fbbb0000000-7fbbb0021000 rw-p 00000000 00:00 0 
7fbbb0021000-7fbbb4000000 ---p 00000000 00:00 0 
7fbbb4000000-7fbbb4021000 rw-p 00000000 00:00 0 
7fbbb4021000-7fbbb8000000 ---p 00000000 00:00 0 
7fbbb8000000-7fbbb80d7000 rw-p 00000000 00:00 0 
7fbbb80d7000-7fbbbc000000 ---p 00000000 00:00 0 
7fbbbc000000-7fbbbcbb1000 rw-p 00000000 00:00 0 
7fbbbcbb1000-7fbbc0000000 ---p 00000000 00:00 0 
7fbbc0000000-7fbbc0021000 rw-p 00000000 00:00 0 
7fbbc0021000-7fbbc4000000 ---p 00000000 00:00 0 
7fbbc4000000-7fbbc4021000 rw-p 00000000 00:00 0 
7fbbc4021000-7fbbc8000000 ---p 00000000 00:00 0 
7fbbc8000000-7fbbc8021000 rw-p 00000000 00:00 0 
7fbbc8021000-7fbbcc000000 ---p 00000000 00:00 0 
7fbbcc000000-7fbbcc021000 rw-p 00000000 00:00 0 
7fbbcc021000-7fbbd0000000 ---p 00000000 00:00 0 
7fbbd0000000-7fbbd0021000 rw-p 00000000 00:00 0 
7fbbd0021000-7fbbd4000000 ---p 00000000 00:00 0 
7fbbd4000000-7fbbd4021000 rw-p 00000000 00:00 0 
7fbbd4021000-7fbbd8000000 ---p 00000000 00:00 0 
7fbbd8000000-7fbbd8057000 rw-p 00000000 00:00 0 
7fbbd8057000-7fbbdc000000 ---p 00000000 00:00 0 
7fbbdc000000-7fbbdc004000 ---p 00000000 00:00 0 
7fbbdc004000-7fbbdc100000 rw-p 00000000 00:00 0 
7fbbdc100000-7fbbdc104000 ---p 00000000 00:00 0 
7fbbdc104000-7fbbdc200000 rw-p 00000000 00:00 0 
7fbbdc200000-7fbbdc204000 ---p 00000000 00:00 0 
7fbbdc204000-7fbbdc300000 rw-p 00000000 00:00 0 
7fbbdc400000-7fbbdc404000 ---p 00000000 00:00 0 
7fbbdc404000-7fbbdc500000 rw-p 00000000 00:00 0 
7fbbdc600000-7fbbdc604000 ---p 00000000 00:00 0 
7fbbdc604000-7fbbdc700000 rw-p 00000000 00:00 0 
7fbbdc800000-7fbbdc804000 ---p 00000000 00:00 0 
7fbbdc804000-7fbbdc900000 rw-p 00000000 00:00 0 
7fbbdd668000-7fbbddb00000 rw-p 00000000 00:00 0 
7fbbddb16000-7fbbddb17000 ---p 00000000 00:00 0 
7fbbddb17000-7fbbddc18000 rw-p 00000000 00:00 0 
7fbbddc18000-7fbbddc1c000 ---p 00000000 00:00 0 
7fbbddc1c000-7fbbddd18000 rw-p 00000000 00:00 0 
7fbbddd18000-7fbbddd1c000 ---p 00000000 00:00 0 
7fbbddd1c000-7fbbdde18000 rw-p 00000000 00:00 0 
7fbbdde18000-7fbbdde1c000 ---p 00000000 00:00 0 
7fbbdde1c000-7fbbddf18000 rw-p 00000000 00:00 0 
7fbbddf18000-7fbbddf1c000 ---p 00000000 00:00 0 
7fbbddf1c000-7fbbde118000 rw-p 00000000 00:00 0 
7fbbde118000-7fbbde11c000 ---p 00000000 00:00 0 
7fbbde11c000-7fbbde318000 rw-p 00000000 00:00 0 
7fbbde318000-7fbbde31c000 ---p 00000000 00:00 0 
7fbbde31c000-7fbbde418000 rw-p 00000000 00:00 0 
7fbbde418000-7fbbde41c000 ---p 00000000 00:00 0 
7fbbde41c000-7fbbde518000 rw-p 00000000 00:00 0 
7fbbde518000-7fbbde51c000 ---p 00000000 00:00 0 
7fbbde51c000-7fbbde618000 rw-p 00000000 00:00 0 
7fbbde618000-7fbbde8fe000 r--p 00000000 00:413 28444448                  /usr/lib/locale/locale-archive
7fbbde8fe000-7fbbde902000 ---p 00000000 00:00 0 
7fbbde902000-7fbbde9fe000 rw-p 00000000 00:00 0 
7fbbde9fe000-7fbbdea02000 ---p 00000000 00:00 0 
7fbbdea02000-7fbbdeafe000 rw-p 00000000 00:00 0 
7fbbdeafe000-7fbbdeaff000 ---p 00000000 00:00 0 
7fbbdeaff000-7fbbdf000000 rw-p 00000000 00:00 0 
7fbbdf000000-7fbbdf300000 rw-p 00000000 00:00 0 
7fbbdf300000-7fbbdf400000 rw-p 00000000 00:00 0 
7fbbdf4ae000-7fbbdf4b0000 r-xp 00000000 00:202d 4611686019135190017      /nix/store/gpxl5qgg8kicmcvivwmybwjlpf7wh20l-graalvm17-ce-22.3.0/lib/libextnet.so
7fbbdf4b0000-7fbbdf4b1000 r--p 00001000 00:202d 4611686019135190017      /nix/store/gpxl5qgg8kicmcvivwmybwjlpf7wh20l-graalvm17-ce-22.3.0/lib/libextnet.so
7fbbdf4b1000-7fbbdf4b2000 rw-p 00002000 00:202d 4611686019135190017      /nix/store/gpxl5qgg8kicmcvivwmybwjlpf7wh20l-graalvm17-ce-22.3.0/lib/libextnet.so
7fbbdf4b2000-7fbbdf4b3000 rw-p 00004000 00:202d 4611686019135190017      /nix/store/gpxl5qgg8kicmcvivwmybwjlpf7wh20l-graalvm17-ce-22.3.0/lib/libextnet.so
7fbbdf4b3000-7fbbdf723000 rwxp 00000000 00:00 0 
7fbbdf723000-7fbbdfa42000 ---p 00000000 00:00 0 
7fbbdfa42000-7fbbe0b72000 rwxp 00000000 00:00 0 
7fbbe0b72000-7fbbe6f7a000 ---p 00000000 00:00 0 
7fbbe6f7a000-7fbbe721a000 rwxp 00000000 00:00 0 
7fbbe721a000-7fbbee4b3000 ---p 00000000 00:00 0 
7fbbee4b3000-7fbbf8000000 r--s 00000000 00:202d 4611686019135192581      /nix/store/gpxl5qgg8kicmcvivwmybwjlpf7wh20l-graalvm17-ce-22.3.0/lib/modules
7fbbf8000000-7fbbf8613000 rw-p 00000000 00:00 0 
7fbbf8613000-7fbbfc000000 ---p 00000000 00:00 0 
7fbbfc002000-7fbbfc006000 ---p 00000000 00:00 0 
7fbbfc006000-7fbbfc024000 rw-p 00000000 00:00 0 
7fbbfc024000-7fbbfc02b000 r-xp 00000000 00:202d 4611686019135192580      /nix/store/gpxl5qgg8kicmcvivwmybwjlpf7wh20l-graalvm17-ce-22.3.0/lib/libzip.so
7fbbfc02b000-7fbbfc02c000 ---p 00007000 00:202d 4611686019135192580      /nix/store/gpxl5qgg8kicmcvivwmybwjlpf7wh20l-graalvm17-ce-22.3.0/lib/libzip.so
7fbbfc02c000-7fbbfc02d000 r--p 00007000 00:202d 4611686019135192580      /nix/store/gpxl5qgg8kicmcvivwmybwjlpf7wh20l-graalvm17-ce-22.3.0/lib/libzip.so
7fbbfc02d000-7fbbfc02e000 rw-p 00008000 00:202d 4611686019135192580      /nix/store/gpxl5qgg8kicmcvivwmybwjlpf7wh20l-graalvm17-ce-22.3.0/lib/libzip.so
7fbbfc02e000-7fbbfc030000 rw-p 0000b000 00:202d 4611686019135192580      /nix/store/gpxl5qgg8kicmcvivwmybwjlpf7wh20l-graalvm17-ce-22.3.0/lib/libzip.so
7fbbfc030000-7fbbfc045000 r-xp 00000000 00:202d 4611686019135192570      /nix/store/gpxl5qgg8kicmcvivwmybwjlpf7wh20l-graalvm17-ce-22.3.0/lib/libnet.so
7fbbfc045000-7fbbfc046000 ---p 00015000 00:202d 4611686019135192570      /nix/store/gpxl5qgg8kicmcvivwmybwjlpf7wh20l-graalvm17-ce-22.3.0/lib/libnet.so
7fbbfc046000-7fbbfc047000 r--p 00015000 00:202d 4611686019135192570      /nix/store/gpxl5qgg8kicmcvivwmybwjlpf7wh20l-graalvm17-ce-22.3.0/lib/libnet.so
7fbbfc047000-7fbbfc048000 rw-p 00016000 00:202d 4611686019135192570      /nix/store/gpxl5qgg8kicmcvivwmybwjlpf7wh20l-graalvm17-ce-22.3.0/lib/libnet.so
7fbbfc048000-7fbbfc04b000 rw-p 0001b000 00:202d 4611686019135192570      /nix/store/gpxl5qgg8kicmcvivwmybwjlpf7wh20l-graalvm17-ce-22.3.0/lib/libnet.so
7fbbfc04b000-7fbbfc05e000 r-xp 00000000 00:202d 4611686019135192571      /nix/store/gpxl5qgg8kicmcvivwmybwjlpf7wh20l-graalvm17-ce-22.3.0/lib/libnio.so
7fbbfc05e000-7fbbfc05f000 r--p 00012000 00:202d 4611686019135192571      /nix/store/gpxl5qgg8kicmcvivwmybwjlpf7wh20l-graalvm17-ce-22.3.0/lib/libnio.so
7fbbfc05f000-7fbbfc060000 rw-p 00013000 00:202d 4611686019135192571      /nix/store/gpxl5qgg8kicmcvivwmybwjlpf7wh20l-graalvm17-ce-22.3.0/lib/libnio.so
7fbbfc060000-7fbbfc065000 rw-p 00019000 00:202d 4611686019135192571      /nix/store/gpxl5qgg8kicmcvivwmybwjlpf7wh20l-graalvm17-ce-22.3.0/lib/libnio.so
7fbbfc065000-7fbbfc133000 r-xp 00000000 00:202d 4611686019135190036      /nix/store/gpxl5qgg8kicmcvivwmybwjlpf7wh20l-graalvm17-ce-22.3.0/lib/libjsvml.so
7fbbfc133000-7fbbfc134000 r--p 000cd000 00:202d 4611686019135190036      /nix/store/gpxl5qgg8kicmcvivwmybwjlpf7wh20l-graalvm17-ce-22.3.0/lib/libjsvml.so
7fbbfc134000-7fbbfc135000 rw-p 000ce000 00:202d 4611686019135190036      /nix/store/gpxl5qgg8kicmcvivwmybwjlpf7wh20l-graalvm17-ce-22.3.0/lib/libjsvml.so
7fbbfc135000-7fbbfda0d000 rw-p 00000000 00:00 0 
7fbbfda0d000-7fbbfda0e000 ---p 00000000 00:00 0 
7fbbfda0e000-7fbbfdbb9000 rw-p 00000000 00:00 0 
7fbbfdbb9000-7fbbfdbed000 rw-p 00000000 00:00 0 
7fbbfdbed000-7fbbfdc0f000 ---p 00000000 00:00 0 
7fbbfdc0f000-7fbbfdc16000 rw-p 00000000 00:00 0 
7fbbfdc16000-7fbbfdcfb000 ---p 00000000 00:00 0 
7fbbfdcfb000-7fbbfdd1e000 rw-p 00000000 00:00 0 
7fbbfdd1e000-7fbbfdde6000 ---p 00000000 00:00 0 
7fbbfdde6000-7fbbfddeb000 rw-p 00000000 00:00 0 
7fbbfddeb000-7fbbfddf2000 ---p 00000000 00:00 0 
7fbbfddf2000-7fbbfde16000 r-xp 00000000 00:202d 4611686019135190028      /nix/store/gpxl5qgg8kicmcvivwmybwjlpf7wh20l-graalvm17-ce-22.3.0/lib/libjava.so
7fbbfde16000-7fbbfde17000 ---p 00024000 00:202d 4611686019135190028      /nix/store/gpxl5qgg8kicmcvivwmybwjlpf7wh20l-graalvm17-ce-22.3.0/lib/libjava.so
7fbbfde17000-7fbbfde18000 r--p 00024000 00:202d 4611686019135190028      /nix/store/gpxl5qgg8kicmcvivwmybwjlpf7wh20l-graalvm17-ce-22.3.0/lib/libjava.so
7fbbfde18000-7fbbfde19000 rw-p 00025000 00:202d 4611686019135190028      /nix/store/gpxl5qgg8kicmcvivwmybwjlpf7wh20l-graalvm17-ce-22.3.0/lib/libjava.so
7fbbfde19000-7fbbfde1a000 rw-p 00000000 00:00 0 
7fbbfde1a000-7fbbfde21000 rw-p 0002f000 00:202d 4611686019135190028      /nix/store/gpxl5qgg8kicmcvivwmybwjlpf7wh20l-graalvm17-ce-22.3.0/lib/libjava.so
7fbbfde21000-7fbbfde29000 rw-s 00000000 00:261 353                       /tmp/hsperfdata_runner/29
7fbbfde29000-7fbbfde2a000 ---p 00000000 00:00 0 
7fbbfde2a000-7fbbfde2b000 r--p 00000000 00:00 0 
7fbbfde2b000-7fbbfde2c000 rwxp 00000000 00:00 0 
7fbbfde2c000-7fbbfde47000 r-xp 00000000 00:202d 4611686019135190032      /nix/store/gpxl5qgg8kicmcvivwmybwjlpf7wh20l-graalvm17-ce-22.3.0/lib/libjimage.so
7fbbfde47000-7fbbfde48000 ---p 0001b000 00:202d 4611686019135190032      /nix/store/gpxl5qgg8kicmcvivwmybwjlpf7wh20l-graalvm17-ce-22.3.0/lib/libjimage.so
7fbbfde48000-7fbbfde4a000 r--p 0001b000 00:202d 4611686019135190032      /nix/store/gpxl5qgg8kicmcvivwmybwjlpf7wh20l-graalvm17-ce-22.3.0/lib/libjimage.so
7fbbfde4a000-7fbbfde4b000 rw-p 0001d000 00:202d 4611686019135190032      /nix/store/gpxl5qgg8kicmcvivwmybwjlpf7wh20l-graalvm17-ce-22.3.0/lib/libjimage.so
7fbbfde4b000-7fbbfde4c000 rw-p 00024000 00:202d 4611686019135190032      /nix/store/gpxl5qgg8kicmcvivwmybwjlpf7wh20l-graalvm17-ce-22.3.0/lib/libjimage.so
7fbbfde4c000-7fbbfde50000 ---p 00000000 00:00 0 
7fbbfde50000-7fbbfdf4c000 rw-p 00000000 00:00 0 
7fbbfdf4c000-7fbbfdf5a000 r--p 00000000 00:202d 4611686019027979927      /nix/store/4nlgxhb09sdr51nc9hdm8az5b08vzkgx-glibc-2.35-163/lib/libm.so.6
7fbbfdf5a000-7fbbfdfcd000 r-xp 0000e000 00:202d 4611686019027979927      /nix/store/4nlgxhb09sdr51nc9hdm8az5b08vzkgx-glibc-2.35-163/lib/libm.so.6
7fbbfdfcd000-7fbbfe02a000 r--p 00081000 00:202d 4611686019027979927      /nix/store/4nlgxhb09sdr51nc9hdm8az5b08vzkgx-glibc-2.35-163/lib/libm.so.6
7fbbfe02a000-7fbbfe02b000 r--p 000dd000 00:202d 4611686019027979927      /nix/store/4nlgxhb09sdr51nc9hdm8az5b08vzkgx-glibc-2.35-163/lib/libm.so.6
7fbbfe02b000-7fbbfe02c000 rw-p 000de000 00:202d 4611686019027979927      /nix/store/4nlgxhb09sdr51nc9hdm8az5b08vzkgx-glibc-2.35-163/lib/libm.so.6
7fbbfe02c000-7fbbfe02d000 r--p 00000000 00:202d 4611686019027979946      /nix/store/4nlgxhb09sdr51nc9hdm8az5b08vzkgx-glibc-2.35-163/lib/librt.so.1
7fbbfe02d000-7fbbfe02e000 r-xp 00001000 00:202d 4611686019027979946      /nix/store/4nlgxhb09sdr51nc9hdm8az5b08vzkgx-glibc-2.35-163/lib/librt.so.1
7fbbfe02e000-7fbbfe02f000 r--p 00002000 00:202d 4611686019027979946      /nix/store/4nlgxhb09sdr51nc9hdm8az5b08vzkgx-glibc-2.35-163/lib/librt.so.1
7fbbfe02f000-7fbbfe030000 r--p 00002000 00:202d 4611686019027979946      /nix/store/4nlgxhb09sdr51nc9hdm8az5b08vzkgx-glibc-2.35-163/lib/librt.so.1
7fbbfe030000-7fbbfe031000 rw-p 00003000 00:202d 4611686019027979946      /nix/store/4nlgxhb09sdr51nc9hdm8az5b08vzkgx-glibc-2.35-163/lib/librt.so.1
7fbbfe031000-7fbbff144000 r-xp 00000000 00:202d 4611686019135360866      /nix/store/gpxl5qgg8kicmcvivwmybwjlpf7wh20l-graalvm17-ce-22.3.0/lib/server/libjvm.so
7fbbff144000-7fbbff145000 ---p 01113000 00:202d 4611686019135360866      /nix/store/gpxl5qgg8kicmcvivwmybwjlpf7wh20l-graalvm17-ce-22.3.0/lib/server/libjvm.so
7fbbff145000-7fbbff1fa000 r--p 01113000 00:202d 4611686019135360866      /nix/store/gpxl5qgg8kicmcvivwmybwjlpf7wh20l-graalvm17-ce-22.3.0/lib/server/libjvm.so
7fbbff1fa000-7fbbff22e000 rw-p 011c8000 00:202d 4611686019135360866      /nix/store/gpxl5qgg8kicmcvivwmybwjlpf7wh20l-graalvm17-ce-22.3.0/lib/server/libjvm.so
7fbbff22e000-7fbbff28a000 rw-p 00000000 00:00 0 
7fbbff28a000-7fbbff2b2000 r--p 00000000 00:202d 4611686019027979918      /nix/store/4nlgxhb09sdr51nc9hdm8az5b08vzkgx-glibc-2.35-163/lib/libc.so.6
7fbbff2b2000-7fbbff428000 r-xp 00028000 00:202d 4611686019027979918      /nix/store/4nlgxhb09sdr51nc9hdm8az5b08vzkgx-glibc-2.35-163/lib/libc.so.6
7fbbff428000-7fbbff480000 r--p 0019e000 00:202d 4611686019027979918      /nix/store/4nlgxhb09sdr51nc9hdm8az5b08vzkgx-glibc-2.35-163/lib/libc.so.6
7fbbff480000-7fbbff484000 r--p 001f6000 00:202d 4611686019027979918      /nix/store/4nlgxhb09sdr51nc9hdm8az5b08vzkgx-glibc-2.35-163/lib/libc.so.6
7fbbff484000-7fbbff486000 rw-p 001fa000 00:202d 4611686019027979918      /nix/store/4nlgxhb09sdr51nc9hdm8az5b08vzkgx-glibc-2.35-163/lib/libc.so.6
7fbbff486000-7fbbff495000 rw-p 00000000 00:00 0 
7fbbff495000-7fbbff496000 r--p 00000000 00:202d 4611686019027979923      /nix/store/4nlgxhb09sdr51nc9hdm8az5b08vzkgx-glibc-2.35-163/lib/libdl.so.2
7fbbff496000-7fbbff497000 r-xp 00001000 00:202d 4611686019027979923      /nix/store/4nlgxhb09sdr51nc9hdm8az5b08vzkgx-glibc-2.35-163/lib/libdl.so.2
7fbbff497000-7fbbff498000 r--p 00002000 00:202d 4611686019027979923      /nix/store/4nlgxhb09sdr51nc9hdm8az5b08vzkgx-glibc-2.35-163/lib/libdl.so.2
7fbbff498000-7fbbff499000 r--p 00002000 00:202d 4611686019027979923      /nix/store/4nlgxhb09sdr51nc9hdm8az5b08vzkgx-glibc-2.35-163/lib/libdl.so.2
7fbbff499000-7fbbff49a000 rw-p 00003000 00:202d 4611686019027979923      /nix/store/4nlgxhb09sdr51nc9hdm8az5b08vzkgx-glibc-2.35-163/lib/libdl.so.2
7fbbff49a000-7fbbff49b000 r--p 00000000 00:202d 4611686019027979942      /nix/store/4nlgxhb09sdr51nc9hdm8az5b08vzkgx-glibc-2.35-163/lib/libpthread.so.0
7fbbff49b000-7fbbff49c000 r-xp 00001000 00:202d 4611686019027979942      /nix/store/4nlgxhb09sdr51nc9hdm8az5b08vzkgx-glibc-2.35-163/lib/libpthread.so.0
7fbbff49c000-7fbbff49d000 r--p 00002000 00:202d 4611686019027979942      /nix/store/4nlgxhb09sdr51nc9hdm8az5b08vzkgx-glibc-2.35-163/lib/libpthread.so.0
7fbbff49d000-7fbbff49e000 r--p 00002000 00:202d 4611686019027979942      /nix/store/4nlgxhb09sdr51nc9hdm8az5b08vzkgx-glibc-2.35-163/lib/libpthread.so.0
7fbbff49e000-7fbbff49f000 rw-p 00003000 00:202d 4611686019027979942      /nix/store/4nlgxhb09sdr51nc9hdm8az5b08vzkgx-glibc-2.35-163/lib/libpthread.so.0
7fbbff49f000-7fbbff4ad000 r-xp 00000000 00:202d 4611686019135190033      /nix/store/gpxl5qgg8kicmcvivwmybwjlpf7wh20l-graalvm17-ce-22.3.0/lib/libjli.so
7fbbff4ad000-7fbbff4ae000 ---p 0000e000 00:202d 4611686019135190033      /nix/store/gpxl5qgg8kicmcvivwmybwjlpf7wh20l-graalvm17-ce-22.3.0/lib/libjli.so
7fbbff4ae000-7fbbff4af000 r--p 0000e000 00:202d 4611686019135190033      /nix/store/gpxl5qgg8kicmcvivwmybwjlpf7wh20l-graalvm17-ce-22.3.0/lib/libjli.so
7fbbff4af000-7fbbff4b0000 rw-p 0000f000 00:202d 4611686019135190033      /nix/store/gpxl5qgg8kicmcvivwmybwjlpf7wh20l-graalvm17-ce-22.3.0/lib/libjli.so
7fbbff4b0000-7fbbff4b1000 rw-p 00012000 00:202d 4611686019135190033      /nix/store/gpxl5qgg8kicmcvivwmybwjlpf7wh20l-graalvm17-ce-22.3.0/lib/libjli.so
7fbbff4b1000-7fbbff4b4000 r--p 00000000 00:202d 4611686019106210071      /nix/store/026hln0aq1hyshaxsdvhg0kmcm6yf45r-zlib-1.2.13/lib/libz.so.1.2.13
7fbbff4b4000-7fbbff4c6000 r-xp 00003000 00:202d 4611686019106210071      /nix/store/026hln0aq1hyshaxsdvhg0kmcm6yf45r-zlib-1.2.13/lib/libz.so.1.2.13
7fbbff4c6000-7fbbff4cd000 r--p 00015000 00:202d 4611686019106210071      /nix/store/026hln0aq1hyshaxsdvhg0kmcm6yf45r-zlib-1.2.13/lib/libz.so.1.2.13
7fbbff4cd000-7fbbff4ce000 r--p 0001b000 00:202d 4611686019106210071      /nix/store/026hln0aq1hyshaxsdvhg0kmcm6yf45r-zlib-1.2.13/lib/libz.so.1.2.13
7fbbff4ce000-7fbbff4cf000 rw-p 0001c000 00:202d 4611686019106210071      /nix/store/026hln0aq1hyshaxsdvhg0kmcm6yf45r-zlib-1.2.13/lib/libz.so.1.2.13
7fbbff4cf000-7fbbff4d1000 rw-p 00000000 00:00 0 
7fbbff4d1000-7fbbff4d3000 r--p 00000000 00:202d 4611686019027979912      /nix/store/4nlgxhb09sdr51nc9hdm8az5b08vzkgx-glibc-2.35-163/lib/ld-linux-x86-64.so.2
7fbbff4d3000-7fbbff4fa000 r-xp 00002000 00:202d 4611686019027979912      /nix/store/4nlgxhb09sdr51nc9hdm8az5b08vzkgx-glibc-2.35-163/lib/ld-linux-x86-64.so.2
7fbbff4fa000-7fbbff506000 r--p 00029000 00:202d 4611686019027979912      /nix/store/4nlgxhb09sdr51nc9hdm8az5b08vzkgx-glibc-2.35-163/lib/ld-linux-x86-64.so.2
7fbbff506000-7fbbff508000 r--p 00034000 00:202d 4611686019027979912      /nix/store/4nlgxhb09sdr51nc9hdm8az5b08vzkgx-glibc-2.35-163/lib/ld-linux-x86-64.so.2
7fbbff508000-7fbbff50a000 rw-p 00036000 00:202d 4611686019027979912      /nix/store/4nlgxhb09sdr51nc9hdm8az5b08vzkgx-glibc-2.35-163/lib/ld-linux-x86-64.so.2
7fffc0cbd000-7fffc0ce2000 rw-p 00000000 00:00 0                          [stack]
7fffc0d2d000-7fffc0d31000 r--p 00000000 00:00 0                          [vvar]
7fffc0d31000-7fffc0d33000 r-xp 00000000 00:00 0                          [vdso]
ffffffffff600000-ffffffffff601000 --xp 00000000 00:00 0                  [vsyscall]


VM Arguments:
jvm_args: -XX:ThreadPriorityPolicy=1 -XX:+UnlockExperimentalVMOptions -XX:+EnableJVMCIProduct -XX:JVMCIThreadsPerNativeLibraryRuntime=1 -XX:-UnlockExperimentalVMOptions -Declipse.application=org.eclipse.jdt.ls.core.id1 -Dosgi.bundles.defaultStartLevel=4 -Declipse.product=org.eclipse.jdt.ls.core.product -Dlog.level=ALL -Xverify:none -XX:+UseParallelGC -XX:GCTimeRatio=4 -XX:AdaptiveSizePolicyWeight=90 -Dsun.zip.disableMemoryMapping=true -Xmx512m -Xms100m 
java_command: /nix/store/m6gcpi1ii6rghy04cjwjddcavv7i90df-jdt-language-server-1.9.0/share/java/plugins/org.eclipse.equinox.launcher_1.6.400.v20210924-0641.jar --add-modules=ALL-SYSTEM --add-opens java.base/java.util=ALL-UNNAMED --add-opens java.base/java.lang=ALL-UNNAMED -configuration /home/runner/.cache/jdt-language-server/config -data /home/runner/.cache/jdt-language-server/data/home/runner/order
java_class_path (initial): /nix/store/m6gcpi1ii6rghy04cjwjddcavv7i90df-jdt-language-server-1.9.0/share/java/plugins/org.eclipse.equinox.launcher_1.6.400.v20210924-0641.jar
Launcher Type: SUN_STANDARD

[Global flags]
    uintx AdaptiveSizePolicyWeight                 = 90                                        {product} {command line}
     intx CICompilerCount                          = 2                                         {product} {ergonomic}
     bool EnableJVMCIProduct                       = true                                {JVMCI product} {jimage}
    uintx GCTimeRatio                              = 4                                         {product} {command line}
   size_t InitialHeapSize                          = 104857600                                 {product} {command line}
     uint JVMCIThreadsPerNativeLibraryRuntime      = 1                                   {JVMCI product} {jimage}
   size_t MaxHeapSize                              = 536870912                                 {product} {command line}
   size_t MaxNewSize                               = 178782208                                 {product} {ergonomic}
   size_t MinHeapDeltaBytes                        = 524288                                    {product} {ergonomic}
   size_t MinHeapSize                              = 104857600                                 {product} {command line}
   size_t NewSize                                  = 34603008                                  {product} {ergonomic}
    uintx NonNMethodCodeHeapSize                   = 5826188                                {pd product} {ergonomic}
    uintx NonProfiledCodeHeapSize                  = 122916026                              {pd product} {ergonomic}
   size_t OldSize                                  = 70254592                                  {product} {ergonomic}
    uintx ProfiledCodeHeapSize                     = 122916026                              {pd product} {ergonomic}
    uintx ReservedCodeCacheSize                    = 251658240                              {pd product} {ergonomic}
     bool SegmentedCodeCache                       = true                                      {product} {ergonomic}
   size_t SoftMaxHeapSize                          = 536870912                              {manageable} {ergonomic}
     intx ThreadPriorityPolicy                     = 1                                         {product} {jimage}
     bool UseCompressedClassPointers               = true                           {product lp64_product} {ergonomic}
     bool UseCompressedOops                        = true                           {product lp64_product} {ergonomic}
     bool UseParallelGC                            = true                                      {product} {command line}

Logging:
Log output configuration:
 #0: stdout all=warning uptime,level,tags
 #1: stderr all=off uptime,level,tags

Environment Variables:
JAVA_HOME=/nix/store/gpxl5qgg8kicmcvivwmybwjlpf7wh20l-graalvm17-ce-22.3.0
PATH=/nix/store/1d6ian3r8kdzspw8hacjhl3xkp40g1lj-binutils-wrapper-2.39/bin:/nix/store/dq0xwmsk1g0i2ayg6pb7y87na2knzylh-gcc-wrapper-11.3.0/bin:/nix/store/bap4d0lpcrhpwmpb8ayjcgkmvfj62lnq-bash-interactive-5.1-p16/bin:/nix/store/pr5n59mb4jzmfx6kanwxly0l07p861fg-patchelf-0.15.0/bin:/nix/store/1gf2flfqnpqbr1b4p4qz2f72y42bs56r-gcc-11.3.0/bin:/nix/store/57xv61c5zi8pphjbcwxxjlgc34p61ic9-glibc-2.35-163-bin/bin:/nix/store/a7gvj343m05j2s32xcnwr35v31ynlypr-coreutils-9.1/bin:/nix/store/039g378vc3pc3dvi9dzdlrd0i4q93qwf-binutils-2.39/bin:/nix/store/gpxl5qgg8kicmcvivwmybwjlpf7wh20l-graalvm17-ce-22.3.0/bin:/nix/store/6z9ag3ihc8mq2hzsw48lhbznvzny65nz-apache-maven-3.8.6/bin:/nix/store/m6gcpi1ii6rghy04cjwjddcavv7i90df-jdt-language-server-1.9.0/bin:/nix/store/84xs5alhs01zrbr4ywm05kxbjbp5590l-java-debug/bin:/nix/store/mydc6f4k2z73xlcz7ilif3v2lcaiqvza-findutils-4.9.0/bin:/nix/store/j9p3g8472iijd50vhdprx0nmk2fqn5gv-diffutils-3.8/bin:/nix/store/89zs7rms6x00xfq4dq6m7mjnhkr8a6r4-gnused-4.8/bin:/nix/store/86bp03jkmsl6f92w0yzg4s59g5mhxwmy-gnugrep-3.7/bin:/nix/store/hwcdqw4jrjnd37wxqgsd47hd0j8bnj09-gawk-5.1.1/bin:/nix/store/cfbhw8r8ags41vwqaz47r583d0p4h4a1-gnutar-1.34/bin:/nix/store/p3m1ndl1lapwrlh698bnb5lvvxh67378-gzip-1.12/bin:/nix/store/a8mhcagrsly7c7mpjrpsnaahk4aax056-bzip2-1.0.8-bin/bin:/nix/store/mblgz65m3zv9x548a3d5m96fj2pbwr09-gnumake-4.3/bin:/nix/store/dsd5gz46hdbdk2rfdimqddhq6m8m8fqs-bash-5.1-p16/bin:/nix/store/v7ljksji50mg3w61dykaa3n3y79n6nil-patch-2.7.6/bin:/nix/store/zlcnmqq14jz5x9439jf937mvayyl63da-xz-5.2.7-bin/bin:/nix/store/y6aj732zm9m87c82fpvf103a1xb22blp-file-5.43/bin:/nix/store/i4kzir3m7mrisxmf5xvlnkw01x4qaqr4-prybar-elisp-0.0.0-e0d9a52/bin:/nix/store/lwwivxf6h7x3cvxp9zv8sj0mv7dak99r-prybar-lua-0.0.0-e0d9a52/bin:/nix/store/gxj28g1cg4hq3qanmjv07156h800qr58-prybar-python3-0.0.0-e0d9a52/bin:/nix/store/hshkjnxrgidigf8x75vg6lqng2xlx9i3-prybar-sqlite-0.0.0-e0d9a52/bin:/nix/store/c4w01bpjgyy5ixmwdk8m1pw87zq4sl26-prybar-tcl-0.0.0-e0d9a52/bin:/nix/store/hpbvrlwd5viqmvcaisb3x0118i913a9n-st
LD_LIBRARY_PATH=/nix/store/a4pff549sk2idnkpzk5nsfps3mdkdnvm-cups-2.4.2-lib/lib:/nix/store/72mqxxhh3cy5yifh92wh2yb8cl2hikyy-cairo-1.16.0/lib:/nix/store/2k366jrbsra97gjfxwvrhvixjfxdach5-glib-2.74.1/lib:/nix/store/2j2znigd8ak37rlwh9khz0ry3clqlw1l-gtk+3-3.24.34/lib:/nix/store/hisqvx32cd57apbpcsnkpx6k3549wql1-libglvnd-1.4.0/lib:/nix/store/p36pgcv991mq5srvg765b78yqpxvk3qs-mesa-21.3.3-drivers/lib:/nix/store/mav4251if1ahjq5vkpwycyyvnmy459c4-pulseaudio-14.2/lib
DISPLAY=:0
LANG=en_US.UTF-8

Signal Handlers:
   SIGSEGV: crash_handler in libjvm.so, mask=11100100010111111101111111111110, flags=SA_RESTART|SA_SIGINFO
    SIGBUS: crash_handler in libjvm.so, mask=11100100010111111101111111111110, flags=SA_RESTART|SA_SIGINFO
    SIGFPE: crash_handler in libjvm.so, mask=11100100010111111101111111111110, flags=SA_RESTART|SA_SIGINFO
   SIGPIPE: IsolateEnterStub_IgnoreSIGPIPEStartupHook_noopSignalHandler_8f19bff2f35b5f630d83b364d6b2339320d4ec70_216e8361c6bc87a8f89f58cc10d3b2fd4415bf87 in libjvmcicompiler.so, mask=00000000000000000000000000000000, flags=SA_RESTART
  *** Handler was modified!
  *** Expected: javaSignalHandler in libjvm.so, mask=11100100110111111111111111111110, flags=SA_RESTART|SA_SIGINFO
   SIGXFSZ: javaSignalHandler in libjvm.so, mask=11100100010111111101111111111110, flags=SA_RESTART|SA_SIGINFO
    SIGILL: crash_handler in libjvm.so, mask=11100100010111111101111111111110, flags=SA_RESTART|SA_SIGINFO
   SIGUSR2: SR_handler in libjvm.so, mask=00000000000000000000000000000000, flags=SA_RESTART|SA_SIGINFO
    SIGHUP: UserHandler in libjvm.so, mask=11100100010111111101111111111110, flags=SA_RESTART|SA_SIGINFO
    SIGINT: UserHandler in libjvm.so, mask=11100100010111111101111111111110, flags=SA_RESTART|SA_SIGINFO
   SIGTERM: UserHandler in libjvm.so, mask=11100100010111111101111111111110, flags=SA_RESTART|SA_SIGINFO
   SIGQUIT: UserHandler in libjvm.so, mask=11100100010111111101111111111110, flags=SA_RESTART|SA_SIGINFO
  *** Handler was modified!
  *** Expected: javaSignalHandler in libjvm.so, mask=11100100110111111111111111111110, flags=SA_RESTART|SA_SIGINFO
   SIGTRAP: crash_handler in libjvm.so, mask=11100100010111111101111111111110, flags=SA_RESTART|SA_SIGINFO


---------------  S Y S T E M  ---------------

OS:
DISTRIB_ID=Ubuntu
DISTRIB_RELEASE=20.04
DISTRIB_CODENAME=focal
DISTRIB_DESCRIPTION="Ubuntu 20.04.2 LTS"
uname: Linux 5.15.0-1031-gcp #38~20.04.1-Ubuntu SMP Sun Mar 12 04:47:58 UTC 2023 x86_64
OS uptime: 0 days 4:23 hours
libc: glibc 2.35 NPTL 2.35 
rlimit (soft/hard): STACK 8192k/infinity , CORE infinity/infinity , NPROC infinity/infinity , NOFILE 5242/5242 , AS infinity/infinity , CPU infinity/infinity , DATA infinity/infinity , FSIZE infinity/infinity , MEMLOCK 64k/64k
load average: 15.82 16.81 15.70

/proc/meminfo:
MemTotal:       65852712 kB
MemFree:        10357336 kB
MemAvailable:   39329724 kB
Buffers:         2289220 kB
Cached:         25237828 kB
SwapCached:            0 kB
Active:          9394820 kB
Inactive:       40802432 kB
Active(anon):      17660 kB
Inactive(anon): 22349652 kB
Active(file):    9377160 kB
Inactive(file): 18452780 kB
Unevictable:       43124 kB
Mlocked:           43124 kB
SwapTotal:             0 kB
SwapFree:              0 kB
Dirty:              2448 kB
Writeback:             0 kB
AnonPages:      21985016 kB
Mapped:          1931352 kB
Shmem:             35592 kB
KReclaimable:    1869048 kB
Slab:            4167808 kB
SReclaimable:    1869048 kB
SUnreclaim:      2298760 kB
KernelStack:      418352 kB
PageTables:       220080 kB
NFS_Unstable:          0 kB
Bounce:                0 kB
WritebackTmp:          0 kB
CommitLimit:    32926356 kB
Committed_AS:   79951216 kB
VmallocTotal:   34359738367 kB
VmallocUsed:      472636 kB
VmallocChunk:          0 kB
Percpu:            99648 kB
HardwareCorrupted:     0 kB
AnonHugePages:   5210112 kB
ShmemHugePages:        0 kB
ShmemPmdMapped:        0 kB
FileHugePages:         0 kB
FilePmdMapped:         0 kB
HugePages_Total:       0
HugePages_Free:        0
HugePages_Rsvd:        0
HugePages_Surp:        0
Hugepagesize:       2048 kB
Hugetlb:               0 kB
DirectMap4k:     4889408 kB
DirectMap2M:    52779008 kB
DirectMap1G:    11534336 kB

/sys/kernel/mm/transparent_hugepage/enabled: always [madvise] never
/sys/kernel/mm/transparent_hugepage/defrag (defrag/compaction efforts parameter): always defer defer+madvise [madvise] never

Process Memory:
Virtual Size: 5055104K (peak: 5086016K)
Resident Set Size: 786312K (peak: 808908K) (anon: 591404K, file: 194908K, shmem: 0K)
Swapped out: 0K
C-Heap outstanding allocations: 44139K, retained: 15672K
glibc malloc tunables: (default)

/proc/sys/kernel/threads-max (system-wide limit on the number of threads): 514406
/proc/sys/vm/max_map_count (maximum number of memory map areas a process may have): 65530
/proc/sys/kernel/pid_max (system-wide limit on number of process identifiers): 4194304

container (cgroup) information:
container_type: cgroupv1
cpu_cpuset_cpus: 2-7
cpu_memory_nodes: 0
active_processor_count: 1
cpu_quota: 50000
cpu_period: 100000
cpu_shares: 512
memory_limit_in_bytes: 1048576 k
memory_and_swap_limit_in_bytes: 1048576 k
memory_soft_limit_in_bytes: 524288 k
memory_usage_in_bytes: 642248 k
memory_max_usage_in_bytes: 653676 k
maximum number of tasks: 1000
current number of tasks: 49

KVM virtualization detected
Steal ticks since vm start: 0
Steal ticks percentage since vm start:  0.000

CPU: total 8 (initial active 1) (8 cores per cpu, 2 threads per core) family 23 model 49 stepping 0 microcode 0xffffffff, cx8, cmov, fxsr, ht, mmx, 3dnowpref, sse, sse2, sse3, ssse3, sse4a, sse4.1, sse4.2, popcnt, lzcnt, tsc, tscinvbit, avx, avx2, aes, clmul, bmi1, bmi2, adx, sha, fma, vzeroupper, clflush, clflushopt, hv
CPU Model and flags from /proc/cpuinfo:
model name	: AMD EPYC 7B12
flags		: fpu vme de pse tsc msr pae mce cx8 apic sep mtrr pge mca cmov pat pse36 clflush mmx fxsr sse sse2 ht syscall nx mmxext fxsr_opt pdpe1gb rdtscp lm constant_tsc rep_good nopl nonstop_tsc cpuid extd_apicid tsc_known_freq pni pclmulqdq ssse3 fma cx16 sse4_1 sse4_2 movbe popcnt aes xsave avx f16c rdrand hypervisor lahf_lm cmp_legacy cr8_legacy abm sse4a misalignsse 3dnowprefetch osvw topoext ssbd ibrs ibpb stibp vmmcall fsgsbase tsc_adjust bmi1 avx2 smep bmi2 rdseed adx smap clflushopt clwb sha_ni xsaveopt xsavec xgetbv1 clzero xsaveerptr arat npt nrip_save umip rdpid

Online cpus: 0-7
Offline cpus: 
BIOS frequency limitation: <Not Available>
Frequency switch latency (ns): <Not Available>
Available cpu frequencies: <Not Available>
Current governor: <Not Available>
Core performance/turbo boost: <Not Available>

Memory: 4k page, physical 1048576k(406324k free), swap 0k(0k free)
Page Sizes: 4k

vm_info: OpenJDK 64-Bit Server VM (17.0.5+8-jvmci-22.3-b08) for linux-amd64 JRE (17.0.5+8-jvmci-22.3-b08), built on Oct 19 2022 09:01:27 by "buildslave" with gcc 10.3.0

END.
